{"/Users/masterp/Projects/superwork/solar-simulator/src/controls/InteractionManager.js": {"path":"/Users/masterp/Projects/superwork/solar-simulator/src/controls/InteractionManager.js","statementMap":{"0":{"start":{"line":15,"column":4},"end":{"line":15,"column":null}},"1":{"start":{"line":16,"column":4},"end":{"line":16,"column":null}},"2":{"start":{"line":17,"column":4},"end":{"line":17,"column":null}},"3":{"start":{"line":18,"column":4},"end":{"line":18,"column":null}},"4":{"start":{"line":19,"column":4},"end":{"line":19,"column":null}},"5":{"start":{"line":20,"column":4},"end":{"line":20,"column":null}},"6":{"start":{"line":22,"column":4},"end":{"line":22,"column":null}},"7":{"start":{"line":23,"column":4},"end":{"line":23,"column":null}},"8":{"start":{"line":24,"column":4},"end":{"line":24,"column":null}},"9":{"start":{"line":25,"column":4},"end":{"line":25,"column":null}},"10":{"start":{"line":28,"column":4},"end":{"line":28,"column":null}},"11":{"start":{"line":31,"column":4},"end":{"line":31,"column":null}},"12":{"start":{"line":32,"column":4},"end":{"line":32,"column":null}},"13":{"start":{"line":33,"column":4},"end":{"line":33,"column":null}},"14":{"start":{"line":34,"column":4},"end":{"line":34,"column":null}},"15":{"start":{"line":37,"column":4},"end":{"line":37,"column":null}},"16":{"start":{"line":38,"column":4},"end":{"line":38,"column":null}},"17":{"start":{"line":39,"column":4},"end":{"line":39,"column":null}},"18":{"start":{"line":41,"column":19},"end":{"line":41,"column":43}},"19":{"start":{"line":42,"column":4},"end":{"line":42,"column":null}},"20":{"start":{"line":43,"column":4},"end":{"line":43,"column":null}},"21":{"start":{"line":44,"column":4},"end":{"line":44,"column":null}},"22":{"start":{"line":52,"column":27},"end":{"line":52,"column":28}},"23":{"start":{"line":54,"column":4},"end":{"line":74,"column":null}},"24":{"start":{"line":55,"column":29},"end":{"line":55,"column":35}},"25":{"start":{"line":57,"column":6},"end":{"line":57,"column":null}},"26":{"start":{"line":59,"column":6},"end":{"line":73,"column":null}},"27":{"start":{"line":61,"column":26},"end":{"line":61,"column":72}},"28":{"start":{"line":62,"column":26},"end":{"line":66,"column":10}},"29":{"start":{"line":67,"column":23},"end":{"line":67,"column":59}},"30":{"start":{"line":68,"column":8},"end":{"line":68,"column":null}},"31":{"start":{"line":69,"column":8},"end":{"line":69,"column":null}},"32":{"start":{"line":71,"column":8},"end":{"line":71,"column":null}},"33":{"start":{"line":72,"column":8},"end":{"line":72,"column":null}},"34":{"start":{"line":81,"column":18},"end":{"line":81,"column":49}},"35":{"start":{"line":82,"column":4},"end":{"line":113,"column":null}},"36":{"start":{"line":114,"column":4},"end":{"line":114,"column":null}},"37":{"start":{"line":116,"column":4},"end":{"line":116,"column":null}},"38":{"start":{"line":117,"column":4},"end":{"line":117,"column":null}},"39":{"start":{"line":118,"column":4},"end":{"line":118,"column":null}},"40":{"start":{"line":128,"column":19},"end":{"line":128,"column":50}},"41":{"start":{"line":129,"column":4},"end":{"line":129,"column":null}},"42":{"start":{"line":129,"column":17},"end":{"line":129,"column":null}},"43":{"start":{"line":131,"column":17},"end":{"line":131,"column":28}},"44":{"start":{"line":132,"column":17},"end":{"line":132,"column":33}},"45":{"start":{"line":133,"column":19},"end":{"line":133,"column":36}},"46":{"start":{"line":135,"column":4},"end":{"line":135,"column":null}},"47":{"start":{"line":136,"column":4},"end":{"line":136,"column":null}},"48":{"start":{"line":137,"column":4},"end":{"line":137,"column":null}},"49":{"start":{"line":138,"column":4},"end":{"line":138,"column":null}},"50":{"start":{"line":145,"column":4},"end":{"line":145,"column":null}},"51":{"start":{"line":154,"column":19},"end":{"line":154,"column":21}},"52":{"start":{"line":156,"column":4},"end":{"line":169,"column":null}},"53":{"start":{"line":157,"column":29},"end":{"line":157,"column":35}},"54":{"start":{"line":160,"column":6},"end":{"line":166,"column":null}},"55":{"start":{"line":161,"column":23},"end":{"line":161,"column":79}},"56":{"start":{"line":161,"column":49},"end":{"line":161,"column":78}},"57":{"start":{"line":162,"column":8},"end":{"line":165,"column":null}},"58":{"start":{"line":163,"column":10},"end":{"line":163,"column":null}},"59":{"start":{"line":164,"column":10},"end":{"line":164,"column":null}},"60":{"start":{"line":168,"column":6},"end":{"line":168,"column":null}},"61":{"start":{"line":171,"column":4},"end":{"line":171,"column":null}},"62":{"start":{"line":180,"column":4},"end":{"line":180,"column":null}},"63":{"start":{"line":181,"column":4},"end":{"line":181,"column":null}},"64":{"start":{"line":189,"column":4},"end":{"line":189,"column":null}},"65":{"start":{"line":190,"column":19},"end":{"line":190,"column":45}},"66":{"start":{"line":191,"column":23},"end":{"line":191,"column":69}},"67":{"start":{"line":193,"column":4},"end":{"line":196,"column":null}},"68":{"start":{"line":194,"column":22},"end":{"line":194,"column":42}},"69":{"start":{"line":195,"column":6},"end":{"line":195,"column":null}},"70":{"start":{"line":198,"column":4},"end":{"line":198,"column":null}},"71":{"start":{"line":206,"column":4},"end":{"line":206,"column":null}},"72":{"start":{"line":206,"column":23},"end":{"line":206,"column":null}},"73":{"start":{"line":207,"column":4},"end":{"line":207,"column":null}},"74":{"start":{"line":208,"column":16},"end":{"line":208,"column":37}},"75":{"start":{"line":210,"column":4},"end":{"line":220,"column":null}},"76":{"start":{"line":211,"column":6},"end":{"line":211,"column":null}},"77":{"start":{"line":212,"column":6},"end":{"line":212,"column":null}},"78":{"start":{"line":213,"column":6},"end":{"line":213,"column":null}},"79":{"start":{"line":214,"column":6},"end":{"line":214,"column":null}},"80":{"start":{"line":216,"column":6},"end":{"line":216,"column":null}},"81":{"start":{"line":217,"column":6},"end":{"line":217,"column":null}},"82":{"start":{"line":218,"column":6},"end":{"line":218,"column":null}},"83":{"start":{"line":219,"column":6},"end":{"line":219,"column":null}},"84":{"start":{"line":228,"column":4},"end":{"line":228,"column":null}},"85":{"start":{"line":228,"column":23},"end":{"line":228,"column":null}},"86":{"start":{"line":230,"column":4},"end":{"line":230,"column":null}},"87":{"start":{"line":230,"column":51},"end":{"line":230,"column":null}},"88":{"start":{"line":232,"column":4},"end":{"line":232,"column":null}},"89":{"start":{"line":233,"column":16},"end":{"line":233,"column":37}},"90":{"start":{"line":235,"column":4},"end":{"line":247,"column":null}},"91":{"start":{"line":236,"column":6},"end":{"line":236,"column":null}},"92":{"start":{"line":237,"column":6},"end":{"line":239,"column":null}},"93":{"start":{"line":238,"column":8},"end":{"line":238,"column":null}},"94":{"start":{"line":241,"column":6},"end":{"line":246,"column":null}},"95":{"start":{"line":242,"column":8},"end":{"line":242,"column":null}},"96":{"start":{"line":243,"column":8},"end":{"line":245,"column":null}},"97":{"start":{"line":244,"column":10},"end":{"line":244,"column":null}},"98":{"start":{"line":255,"column":4},"end":{"line":255,"column":null}},"99":{"start":{"line":255,"column":23},"end":{"line":255,"column":null}},"100":{"start":{"line":256,"column":4},"end":{"line":256,"column":null}},"101":{"start":{"line":256,"column":51},"end":{"line":256,"column":null}},"102":{"start":{"line":257,"column":4},"end":{"line":257,"column":null}},"103":{"start":{"line":257,"column":36},"end":{"line":257,"column":null}},"104":{"start":{"line":259,"column":18},"end":{"line":259,"column":34}},"105":{"start":{"line":260,"column":4},"end":{"line":260,"column":null}},"106":{"start":{"line":261,"column":16},"end":{"line":261,"column":37}},"107":{"start":{"line":263,"column":4},"end":{"line":268,"column":null}},"108":{"start":{"line":264,"column":6},"end":{"line":264,"column":null}},"109":{"start":{"line":265,"column":6},"end":{"line":267,"column":null}},"110":{"start":{"line":266,"column":8},"end":{"line":266,"column":null}},"111":{"start":{"line":275,"column":19},"end":{"line":275,"column":43}},"112":{"start":{"line":276,"column":4},"end":{"line":276,"column":null}},"113":{"start":{"line":277,"column":4},"end":{"line":277,"column":null}},"114":{"start":{"line":278,"column":4},"end":{"line":278,"column":null}}},"fnMap":{"0":{"name":"constructor","decl":{"start":{"line":14,"column":2},"end":{"line":14,"column":13}},"loc":{"start":{"line":14,"column":54},"end":{"line":45,"column":null}},"line":14},"1":{"name":"_buildClickTargets","decl":{"start":{"line":51,"column":2},"end":{"line":51,"column":20}},"loc":{"start":{"line":51,"column":23},"end":{"line":75,"column":null}},"line":51},"2":{"name":"_createTooltip","decl":{"start":{"line":80,"column":2},"end":{"line":80,"column":16}},"loc":{"start":{"line":80,"column":19},"end":{"line":119,"column":null}},"line":80},"3":{"name":"_showTooltip","decl":{"start":{"line":127,"column":2},"end":{"line":127,"column":14}},"loc":{"start":{"line":127,"column":38},"end":{"line":139,"column":null}},"line":127},"4":{"name":"_hideTooltip","decl":{"start":{"line":144,"column":2},"end":{"line":144,"column":14}},"loc":{"start":{"line":144,"column":17},"end":{"line":146,"column":null}},"line":144},"5":{"name":"_getClickableMeshes","decl":{"start":{"line":153,"column":2},"end":{"line":153,"column":21}},"loc":{"start":{"line":153,"column":24},"end":{"line":172,"column":null}},"line":153},"6":{"name":"(anonymous_6)","decl":{"start":{"line":161,"column":42},"end":{"line":161,"column":43}},"loc":{"start":{"line":161,"column":49},"end":{"line":161,"column":78}},"line":161},"7":{"name":"_normalizeCoords","decl":{"start":{"line":179,"column":2},"end":{"line":179,"column":18}},"loc":{"start":{"line":179,"column":37},"end":{"line":182,"column":null}},"line":179},"8":{"name":"_raycastPlanet","decl":{"start":{"line":188,"column":2},"end":{"line":188,"column":16}},"loc":{"start":{"line":188,"column":19},"end":{"line":199,"column":null}},"line":188},"9":{"name":"_onMouseMove","decl":{"start":{"line":205,"column":2},"end":{"line":205,"column":14}},"loc":{"start":{"line":205,"column":22},"end":{"line":221,"column":null}},"line":205},"10":{"name":"_onClick","decl":{"start":{"line":227,"column":2},"end":{"line":227,"column":10}},"loc":{"start":{"line":227,"column":18},"end":{"line":248,"column":null}},"line":227},"11":{"name":"_onTouchStart","decl":{"start":{"line":254,"column":2},"end":{"line":254,"column":15}},"loc":{"start":{"line":254,"column":23},"end":{"line":269,"column":null}},"line":254},"12":{"name":"dispose","decl":{"start":{"line":274,"column":2},"end":{"line":274,"column":9}},"loc":{"start":{"line":274,"column":12},"end":{"line":279,"column":null}},"line":274}},"branchMap":{"0":{"loc":{"start":{"line":59,"column":6},"end":{"line":73,"column":null}},"type":"if","locations":[{"start":{"line":59,"column":6},"end":{"line":73,"column":null}},{"start":{},"end":{}}],"line":59},"1":{"loc":{"start":{"line":129,"column":4},"end":{"line":129,"column":null}},"type":"if","locations":[{"start":{"line":129,"column":4},"end":{"line":129,"column":null}},{"start":{},"end":{}}],"line":129},"2":{"loc":{"start":{"line":132,"column":17},"end":{"line":132,"column":33}},"type":"binary-expr","locations":[{"start":{"line":132,"column":17},"end":{"line":132,"column":26}},{"start":{"line":132,"column":30},"end":{"line":132,"column":33}}],"line":132},"3":{"loc":{"start":{"line":133,"column":19},"end":{"line":133,"column":36}},"type":"binary-expr","locations":[{"start":{"line":133,"column":19},"end":{"line":133,"column":30}},{"start":{"line":133,"column":34},"end":{"line":133,"column":36}}],"line":133},"4":{"loc":{"start":{"line":135,"column":81},"end":{"line":135,"column":149}},"type":"cond-expr","locations":[{"start":{"line":135,"column":90},"end":{"line":135,"column":144}},{"start":{"line":135,"column":147},"end":{"line":135,"column":149}}],"line":135},"5":{"loc":{"start":{"line":160,"column":6},"end":{"line":166,"column":null}},"type":"if","locations":[{"start":{"line":160,"column":6},"end":{"line":166,"column":null}},{"start":{},"end":{}}],"line":160},"6":{"loc":{"start":{"line":162,"column":8},"end":{"line":165,"column":null}},"type":"if","locations":[{"start":{"line":162,"column":8},"end":{"line":165,"column":null}},{"start":{},"end":{}}],"line":162},"7":{"loc":{"start":{"line":193,"column":4},"end":{"line":196,"column":null}},"type":"if","locations":[{"start":{"line":193,"column":4},"end":{"line":196,"column":null}},{"start":{},"end":{}}],"line":193},"8":{"loc":{"start":{"line":195,"column":13},"end":{"line":195,"column":57}},"type":"binary-expr","locations":[{"start":{"line":195,"column":13},"end":{"line":195,"column":49}},{"start":{"line":195,"column":53},"end":{"line":195,"column":57}}],"line":195},"9":{"loc":{"start":{"line":206,"column":4},"end":{"line":206,"column":null}},"type":"if","locations":[{"start":{"line":206,"column":4},"end":{"line":206,"column":null}},{"start":{},"end":{}}],"line":206},"10":{"loc":{"start":{"line":210,"column":4},"end":{"line":220,"column":null}},"type":"if","locations":[{"start":{"line":210,"column":4},"end":{"line":220,"column":null}},{"start":{"line":215,"column":11},"end":{"line":220,"column":null}}],"line":210},"11":{"loc":{"start":{"line":214,"column":55},"end":{"line":214,"column":100}},"type":"binary-expr","locations":[{"start":{"line":214,"column":55},"end":{"line":214,"column":92}},{"start":{"line":214,"column":96},"end":{"line":214,"column":100}}],"line":214},"12":{"loc":{"start":{"line":228,"column":4},"end":{"line":228,"column":null}},"type":"if","locations":[{"start":{"line":228,"column":4},"end":{"line":228,"column":null}},{"start":{},"end":{}}],"line":228},"13":{"loc":{"start":{"line":230,"column":4},"end":{"line":230,"column":null}},"type":"if","locations":[{"start":{"line":230,"column":4},"end":{"line":230,"column":null}},{"start":{},"end":{}}],"line":230},"14":{"loc":{"start":{"line":235,"column":4},"end":{"line":247,"column":null}},"type":"if","locations":[{"start":{"line":235,"column":4},"end":{"line":247,"column":null}},{"start":{"line":240,"column":11},"end":{"line":247,"column":null}}],"line":235},"15":{"loc":{"start":{"line":237,"column":6},"end":{"line":239,"column":null}},"type":"if","locations":[{"start":{"line":237,"column":6},"end":{"line":239,"column":null}},{"start":{},"end":{}}],"line":237},"16":{"loc":{"start":{"line":241,"column":6},"end":{"line":246,"column":null}},"type":"if","locations":[{"start":{"line":241,"column":6},"end":{"line":246,"column":null}},{"start":{},"end":{}}],"line":241},"17":{"loc":{"start":{"line":243,"column":8},"end":{"line":245,"column":null}},"type":"if","locations":[{"start":{"line":243,"column":8},"end":{"line":245,"column":null}},{"start":{},"end":{}}],"line":243},"18":{"loc":{"start":{"line":255,"column":4},"end":{"line":255,"column":null}},"type":"if","locations":[{"start":{"line":255,"column":4},"end":{"line":255,"column":null}},{"start":{},"end":{}}],"line":255},"19":{"loc":{"start":{"line":256,"column":4},"end":{"line":256,"column":null}},"type":"if","locations":[{"start":{"line":256,"column":4},"end":{"line":256,"column":null}},{"start":{},"end":{}}],"line":256},"20":{"loc":{"start":{"line":257,"column":4},"end":{"line":257,"column":null}},"type":"if","locations":[{"start":{"line":257,"column":4},"end":{"line":257,"column":null}},{"start":{},"end":{}}],"line":257},"21":{"loc":{"start":{"line":263,"column":4},"end":{"line":268,"column":null}},"type":"if","locations":[{"start":{"line":263,"column":4},"end":{"line":268,"column":null}},{"start":{},"end":{}}],"line":263},"22":{"loc":{"start":{"line":265,"column":6},"end":{"line":267,"column":null}},"type":"if","locations":[{"start":{"line":265,"column":6},"end":{"line":267,"column":null}},{"start":{},"end":{}}],"line":265}},"s":{"0":0,"1":0,"2":0,"3":0,"4":0,"5":0,"6":0,"7":0,"8":0,"9":0,"10":0,"11":0,"12":0,"13":0,"14":0,"15":0,"16":0,"17":0,"18":0,"19":0,"20":0,"21":0,"22":0,"23":0,"24":0,"25":0,"26":0,"27":0,"28":0,"29":0,"30":0,"31":0,"32":0,"33":0,"34":0,"35":0,"36":0,"37":0,"38":0,"39":0,"40":0,"41":0,"42":0,"43":0,"44":0,"45":0,"46":0,"47":0,"48":0,"49":0,"50":0,"51":0,"52":0,"53":0,"54":0,"55":0,"56":0,"57":0,"58":0,"59":0,"60":0,"61":0,"62":0,"63":0,"64":0,"65":0,"66":0,"67":0,"68":0,"69":0,"70":0,"71":0,"72":0,"73":0,"74":0,"75":0,"76":0,"77":0,"78":0,"79":0,"80":0,"81":0,"82":0,"83":0,"84":0,"85":0,"86":0,"87":0,"88":0,"89":0,"90":0,"91":0,"92":0,"93":0,"94":0,"95":0,"96":0,"97":0,"98":0,"99":0,"100":0,"101":0,"102":0,"103":0,"104":0,"105":0,"106":0,"107":0,"108":0,"109":0,"110":0,"111":0,"112":0,"113":0,"114":0},"f":{"0":0,"1":0,"2":0,"3":0,"4":0,"5":0,"6":0,"7":0,"8":0,"9":0,"10":0,"11":0,"12":0},"b":{"0":[0,0],"1":[0,0],"2":[0,0],"3":[0,0],"4":[0,0],"5":[0,0],"6":[0,0],"7":[0,0],"8":[0,0],"9":[0,0],"10":[0,0],"11":[0,0],"12":[0,0],"13":[0,0],"14":[0,0],"15":[0,0],"16":[0,0],"17":[0,0],"18":[0,0],"19":[0,0],"20":[0,0],"21":[0,0],"22":[0,0]},"meta":{"lastBranch":23,"lastFunction":13,"lastStatement":115,"seen":{"f:14:2:14:13":0,"s:15:4:15:Infinity":0,"s:16:4:16:Infinity":1,"s:17:4:17:Infinity":2,"s:18:4:18:Infinity":3,"s:19:4:19:Infinity":4,"s:20:4:20:Infinity":5,"s:22:4:22:Infinity":6,"s:23:4:23:Infinity":7,"s:24:4:24:Infinity":8,"s:25:4:25:Infinity":9,"s:28:4:28:Infinity":10,"s:31:4:31:Infinity":11,"s:32:4:32:Infinity":12,"s:33:4:33:Infinity":13,"s:34:4:34:Infinity":14,"s:37:4:37:Infinity":15,"s:38:4:38:Infinity":16,"s:39:4:39:Infinity":17,"s:41:19:41:43":18,"s:42:4:42:Infinity":19,"s:43:4:43:Infinity":20,"s:44:4:44:Infinity":21,"f:51:2:51:20":1,"s:52:27:52:28":22,"s:54:4:74:Infinity":23,"s:55:29:55:35":24,"s:57:6:57:Infinity":25,"b:59:6:73:Infinity:undefined:undefined:undefined:undefined":0,"s:59:6:73:Infinity":26,"s:61:26:61:72":27,"s:62:26:66:10":28,"s:67:23:67:59":29,"s:68:8:68:Infinity":30,"s:69:8:69:Infinity":31,"s:71:8:71:Infinity":32,"s:72:8:72:Infinity":33,"f:80:2:80:16":2,"s:81:18:81:49":34,"s:82:4:113:Infinity":35,"s:114:4:114:Infinity":36,"s:116:4:116:Infinity":37,"s:117:4:117:Infinity":38,"s:118:4:118:Infinity":39,"f:127:2:127:14":3,"s:128:19:128:50":40,"b:129:4:129:Infinity:undefined:undefined:undefined:undefined":1,"s:129:4:129:Infinity":41,"s:129:17:129:Infinity":42,"s:131:17:131:28":43,"s:132:17:132:33":44,"b:132:17:132:26:132:30:132:33":2,"s:133:19:133:36":45,"b:133:19:133:30:133:34:133:36":3,"s:135:4:135:Infinity":46,"b:135:90:135:144:135:147:135:149":4,"s:136:4:136:Infinity":47,"s:137:4:137:Infinity":48,"s:138:4:138:Infinity":49,"f:144:2:144:14":4,"s:145:4:145:Infinity":50,"f:153:2:153:21":5,"s:154:19:154:21":51,"s:156:4:169:Infinity":52,"s:157:29:157:35":53,"b:160:6:166:Infinity:undefined:undefined:undefined:undefined":5,"s:160:6:166:Infinity":54,"s:161:23:161:79":55,"f:161:42:161:43":6,"s:161:49:161:78":56,"b:162:8:165:Infinity:undefined:undefined:undefined:undefined":6,"s:162:8:165:Infinity":57,"s:163:10:163:Infinity":58,"s:164:10:164:Infinity":59,"s:168:6:168:Infinity":60,"s:171:4:171:Infinity":61,"f:179:2:179:18":7,"s:180:4:180:Infinity":62,"s:181:4:181:Infinity":63,"f:188:2:188:16":8,"s:189:4:189:Infinity":64,"s:190:19:190:45":65,"s:191:23:191:69":66,"b:193:4:196:Infinity:undefined:undefined:undefined:undefined":7,"s:193:4:196:Infinity":67,"s:194:22:194:42":68,"s:195:6:195:Infinity":69,"b:195:13:195:49:195:53:195:57":8,"s:198:4:198:Infinity":70,"f:205:2:205:14":9,"b:206:4:206:Infinity:undefined:undefined:undefined:undefined":9,"s:206:4:206:Infinity":71,"s:206:23:206:Infinity":72,"s:207:4:207:Infinity":73,"s:208:16:208:37":74,"b:210:4:220:Infinity:215:11:220:Infinity":10,"s:210:4:220:Infinity":75,"s:211:6:211:Infinity":76,"s:212:6:212:Infinity":77,"s:213:6:213:Infinity":78,"s:214:6:214:Infinity":79,"b:214:55:214:92:214:96:214:100":11,"s:216:6:216:Infinity":80,"s:217:6:217:Infinity":81,"s:218:6:218:Infinity":82,"s:219:6:219:Infinity":83,"f:227:2:227:10":10,"b:228:4:228:Infinity:undefined:undefined:undefined:undefined":12,"s:228:4:228:Infinity":84,"s:228:23:228:Infinity":85,"b:230:4:230:Infinity:undefined:undefined:undefined:undefined":13,"s:230:4:230:Infinity":86,"s:230:51:230:Infinity":87,"s:232:4:232:Infinity":88,"s:233:16:233:37":89,"b:235:4:247:Infinity:240:11:247:Infinity":14,"s:235:4:247:Infinity":90,"s:236:6:236:Infinity":91,"b:237:6:239:Infinity:undefined:undefined:undefined:undefined":15,"s:237:6:239:Infinity":92,"s:238:8:238:Infinity":93,"b:241:6:246:Infinity:undefined:undefined:undefined:undefined":16,"s:241:6:246:Infinity":94,"s:242:8:242:Infinity":95,"b:243:8:245:Infinity:undefined:undefined:undefined:undefined":17,"s:243:8:245:Infinity":96,"s:244:10:244:Infinity":97,"f:254:2:254:15":11,"b:255:4:255:Infinity:undefined:undefined:undefined:undefined":18,"s:255:4:255:Infinity":98,"s:255:23:255:Infinity":99,"b:256:4:256:Infinity:undefined:undefined:undefined:undefined":19,"s:256:4:256:Infinity":100,"s:256:51:256:Infinity":101,"b:257:4:257:Infinity:undefined:undefined:undefined:undefined":20,"s:257:4:257:Infinity":102,"s:257:36:257:Infinity":103,"s:259:18:259:34":104,"s:260:4:260:Infinity":105,"s:261:16:261:37":106,"b:263:4:268:Infinity:undefined:undefined:undefined:undefined":21,"s:263:4:268:Infinity":107,"s:264:6:264:Infinity":108,"b:265:6:267:Infinity:undefined:undefined:undefined:undefined":22,"s:265:6:267:Infinity":109,"s:266:8:266:Infinity":110,"f:274:2:274:9":12,"s:275:19:275:43":111,"s:276:4:276:Infinity":112,"s:277:4:277:Infinity":113,"s:278:4:278:Infinity":114},"fnNames":{}}}
,"/Users/masterp/Projects/superwork/solar-simulator/src/core/ViewManager.js": {"path":"/Users/masterp/Projects/superwork/solar-simulator/src/core/ViewManager.js","statementMap":{"0":{"start":{"line":8,"column":27},"end":{"line":13,"column":1}},"1":{"start":{"line":21,"column":26},"end":{"line":26,"column":1}},"2":{"start":{"line":35,"column":2},"end":{"line":35,"column":null}},"3":{"start":{"line":45,"column":2},"end":{"line":45,"column":null}},"4":{"start":{"line":54,"column":2},"end":{"line":54,"column":null}},"5":{"start":{"line":78,"column":4},"end":{"line":78,"column":null}},"6":{"start":{"line":79,"column":4},"end":{"line":79,"column":null}},"7":{"start":{"line":80,"column":4},"end":{"line":80,"column":null}},"8":{"start":{"line":81,"column":4},"end":{"line":81,"column":null}},"9":{"start":{"line":82,"column":4},"end":{"line":82,"column":null}},"10":{"start":{"line":83,"column":4},"end":{"line":83,"column":null}},"11":{"start":{"line":85,"column":4},"end":{"line":85,"column":null}},"12":{"start":{"line":86,"column":4},"end":{"line":86,"column":null}},"13":{"start":{"line":87,"column":4},"end":{"line":87,"column":null}},"14":{"start":{"line":88,"column":4},"end":{"line":88,"column":null}},"15":{"start":{"line":89,"column":4},"end":{"line":89,"column":null}},"16":{"start":{"line":97,"column":4},"end":{"line":97,"column":null}},"17":{"start":{"line":97,"column":30},"end":{"line":97,"column":null}},"18":{"start":{"line":98,"column":4},"end":{"line":98,"column":null}},"19":{"start":{"line":98,"column":30},"end":{"line":98,"column":null}},"20":{"start":{"line":99,"column":4},"end":{"line":101,"column":null}},"21":{"start":{"line":100,"column":6},"end":{"line":100,"column":null}},"22":{"start":{"line":100,"column":49},"end":{"line":100,"column":67}},"23":{"start":{"line":102,"column":4},"end":{"line":104,"column":null}},"24":{"start":{"line":103,"column":6},"end":{"line":103,"column":null}},"25":{"start":{"line":103,"column":49},"end":{"line":103,"column":66}},"26":{"start":{"line":106,"column":4},"end":{"line":106,"column":null}},"27":{"start":{"line":107,"column":4},"end":{"line":107,"column":null}},"28":{"start":{"line":108,"column":4},"end":{"line":108,"column":null}},"29":{"start":{"line":109,"column":4},"end":{"line":109,"column":null}},"30":{"start":{"line":118,"column":19},"end":{"line":118,"column":71}},"31":{"start":{"line":119,"column":4},"end":{"line":127,"column":null}},"32":{"start":{"line":120,"column":6},"end":{"line":120,"column":null}},"33":{"start":{"line":121,"column":6},"end":{"line":121,"column":null}},"34":{"start":{"line":122,"column":6},"end":{"line":122,"column":null}},"35":{"start":{"line":123,"column":6},"end":{"line":123,"column":null}},"36":{"start":{"line":125,"column":6},"end":{"line":125,"column":null}},"37":{"start":{"line":126,"column":6},"end":{"line":126,"column":null}},"38":{"start":{"line":134,"column":4},"end":{"line":134,"column":null}},"39":{"start":{"line":134,"column":20},"end":{"line":134,"column":null}},"40":{"start":{"line":135,"column":4},"end":{"line":135,"column":null}},"41":{"start":{"line":135,"column":51},"end":{"line":135,"column":71}},"42":{"start":{"line":136,"column":4},"end":{"line":138,"column":null}},"43":{"start":{"line":137,"column":6},"end":{"line":137,"column":null}},"44":{"start":{"line":137,"column":67},"end":{"line":137,"column":null}},"45":{"start":{"line":139,"column":4},"end":{"line":139,"column":null}},"46":{"start":{"line":139,"column":47},"end":{"line":139,"column":63}},"47":{"start":{"line":147,"column":19},"end":{"line":147,"column":54}},"48":{"start":{"line":148,"column":4},"end":{"line":151,"column":null}},"49":{"start":{"line":149,"column":6},"end":{"line":149,"column":null}},"50":{"start":{"line":150,"column":6},"end":{"line":150,"column":null}},"51":{"start":{"line":152,"column":4},"end":{"line":154,"column":null}},"52":{"start":{"line":153,"column":6},"end":{"line":153,"column":null}},"53":{"start":{"line":162,"column":4},"end":{"line":162,"column":null}},"54":{"start":{"line":163,"column":4},"end":{"line":163,"column":null}},"55":{"start":{"line":163,"column":24},"end":{"line":163,"column":null}},"56":{"start":{"line":164,"column":4},"end":{"line":164,"column":null}},"57":{"start":{"line":174,"column":4},"end":{"line":174,"column":null}},"58":{"start":{"line":175,"column":30},"end":{"line":175,"column":60}},"59":{"start":{"line":176,"column":15},"end":{"line":176,"column":30}},"60":{"start":{"line":180,"column":4},"end":{"line":183,"column":null}},"61":{"start":{"line":181,"column":6},"end":{"line":181,"column":null}},"62":{"start":{"line":182,"column":6},"end":{"line":182,"column":null}},"63":{"start":{"line":184,"column":4},"end":{"line":187,"column":null}},"64":{"start":{"line":185,"column":6},"end":{"line":185,"column":null}},"65":{"start":{"line":186,"column":6},"end":{"line":186,"column":null}},"66":{"start":{"line":188,"column":4},"end":{"line":188,"column":null}},"67":{"start":{"line":188,"column":32},"end":{"line":188,"column":null}},"68":{"start":{"line":189,"column":4},"end":{"line":189,"column":null}},"69":{"start":{"line":189,"column":53},"end":{"line":189,"column":null}},"70":{"start":{"line":190,"column":4},"end":{"line":190,"column":null}},"71":{"start":{"line":198,"column":4},"end":{"line":198,"column":null}},"72":{"start":{"line":198,"column":58},"end":{"line":198,"column":null}},"73":{"start":{"line":199,"column":4},"end":{"line":199,"column":null}},"74":{"start":{"line":200,"column":4},"end":{"line":213,"column":null}},"75":{"start":{"line":202,"column":8},"end":{"line":202,"column":null}},"76":{"start":{"line":203,"column":8},"end":{"line":203,"column":null}},"77":{"start":{"line":204,"column":8},"end":{"line":204,"column":50}},"78":{"start":{"line":206,"column":8},"end":{"line":206,"column":null}},"79":{"start":{"line":206,"column":45},"end":{"line":206,"column":null}},"80":{"start":{"line":207,"column":8},"end":{"line":209,"column":null}},"81":{"start":{"line":208,"column":10},"end":{"line":208,"column":null}},"82":{"start":{"line":208,"column":44},"end":{"line":208,"column":null}},"83":{"start":{"line":210,"column":8},"end":{"line":210,"column":null}},"84":{"start":{"line":221,"column":4},"end":{"line":221,"column":null}},"85":{"start":{"line":221,"column":58},"end":{"line":221,"column":null}},"86":{"start":{"line":222,"column":4},"end":{"line":222,"column":null}},"87":{"start":{"line":223,"column":4},"end":{"line":234,"column":null}},"88":{"start":{"line":225,"column":8},"end":{"line":225,"column":null}},"89":{"start":{"line":226,"column":8},"end":{"line":226,"column":null}},"90":{"start":{"line":227,"column":8},"end":{"line":227,"column":null}},"91":{"start":{"line":229,"column":8},"end":{"line":229,"column":null}},"92":{"start":{"line":229,"column":45},"end":{"line":229,"column":null}},"93":{"start":{"line":230,"column":8},"end":{"line":230,"column":null}},"94":{"start":{"line":231,"column":8},"end":{"line":231,"column":null}},"95":{"start":{"line":246,"column":4},"end":{"line":250,"column":null}},"96":{"start":{"line":247,"column":6},"end":{"line":247,"column":null}},"97":{"start":{"line":248,"column":6},"end":{"line":248,"column":null}},"98":{"start":{"line":249,"column":6},"end":{"line":249,"column":null}},"99":{"start":{"line":251,"column":17},"end":{"line":251,"column":38}},"100":{"start":{"line":252,"column":20},"end":{"line":252,"column":41}},"101":{"start":{"line":253,"column":4},"end":{"line":253,"column":null}},"102":{"start":{"line":255,"column":4},"end":{"line":255,"column":25}},"103":{"start":{"line":256,"column":4},"end":{"line":256,"column":null}},"104":{"start":{"line":257,"column":4},"end":{"line":261,"column":null}},"105":{"start":{"line":258,"column":6},"end":{"line":258,"column":null}},"106":{"start":{"line":259,"column":6},"end":{"line":259,"column":null}},"107":{"start":{"line":260,"column":6},"end":{"line":260,"column":null}},"108":{"start":{"line":260,"column":33},"end":{"line":260,"column":59}},"109":{"start":{"line":269,"column":4},"end":{"line":269,"column":null}},"110":{"start":{"line":270,"column":4},"end":{"line":270,"column":null}},"111":{"start":{"line":270,"column":23},"end":{"line":270,"column":null}},"112":{"start":{"line":279,"column":19},"end":{"line":279,"column":54}},"113":{"start":{"line":280,"column":20},"end":{"line":280,"column":111}},"114":{"start":{"line":281,"column":4},"end":{"line":281,"column":null}},"115":{"start":{"line":281,"column":28},"end":{"line":281,"column":null}},"116":{"start":{"line":282,"column":4},"end":{"line":283,"column":null}},"117":{"start":{"line":282,"column":28},"end":{"line":282,"column":null}},"118":{"start":{"line":283,"column":9},"end":{"line":283,"column":null}},"119":{"start":{"line":290,"column":14},"end":{"line":290,"column":34}},"120":{"start":{"line":291,"column":14},"end":{"line":291,"column":35}},"121":{"start":{"line":292,"column":4},"end":{"line":292,"column":null}},"122":{"start":{"line":292,"column":32},"end":{"line":292,"column":null}},"123":{"start":{"line":293,"column":4},"end":{"line":293,"column":null}},"124":{"start":{"line":293,"column":34},"end":{"line":293,"column":null}},"125":{"start":{"line":301,"column":4},"end":{"line":301,"column":null}},"126":{"start":{"line":309,"column":4},"end":{"line":312,"column":null}},"127":{"start":{"line":310,"column":6},"end":{"line":310,"column":null}},"128":{"start":{"line":311,"column":6},"end":{"line":311,"column":null}},"129":{"start":{"line":313,"column":15},"end":{"line":313,"column":54}},"130":{"start":{"line":314,"column":4},"end":{"line":314,"column":null}},"131":{"start":{"line":315,"column":4},"end":{"line":322,"column":null}},"132":{"start":{"line":323,"column":4},"end":{"line":323,"column":null}},"133":{"start":{"line":324,"column":4},"end":{"line":324,"column":null}},"134":{"start":{"line":325,"column":4},"end":{"line":325,"column":null}},"135":{"start":{"line":333,"column":4},"end":{"line":335,"column":null}},"136":{"start":{"line":334,"column":6},"end":{"line":334,"column":null}}},"fnMap":{"0":{"name":"canTransition","decl":{"start":{"line":34,"column":16},"end":{"line":34,"column":29}},"loc":{"start":{"line":34,"column":40},"end":{"line":36,"column":null}},"line":34},"1":{"name":"hashToView","decl":{"start":{"line":44,"column":16},"end":{"line":44,"column":26}},"loc":{"start":{"line":44,"column":33},"end":{"line":46,"column":null}},"line":44},"2":{"name":"viewToHash","decl":{"start":{"line":53,"column":16},"end":{"line":53,"column":26}},"loc":{"start":{"line":53,"column":33},"end":{"line":55,"column":null}},"line":53},"3":{"name":"constructor","decl":{"start":{"line":77,"column":2},"end":{"line":77,"column":13}},"loc":{"start":{"line":77,"column":87},"end":{"line":90,"column":null}},"line":77},"4":{"name":"start","decl":{"start":{"line":96,"column":2},"end":{"line":96,"column":7}},"loc":{"start":{"line":96,"column":10},"end":{"line":110,"column":null}},"line":96},"5":{"name":"(anonymous_5)","decl":{"start":{"line":100,"column":43},"end":{"line":100,"column":44}},"loc":{"start":{"line":100,"column":49},"end":{"line":100,"column":67}},"line":100},"6":{"name":"(anonymous_6)","decl":{"start":{"line":103,"column":43},"end":{"line":103,"column":44}},"loc":{"start":{"line":103,"column":49},"end":{"line":103,"column":66}},"line":103},"7":{"name":"_initFromHash","decl":{"start":{"line":117,"column":2},"end":{"line":117,"column":15}},"loc":{"start":{"line":117,"column":18},"end":{"line":128,"column":null}},"line":117},"8":{"name":"_wireEvents","decl":{"start":{"line":133,"column":2},"end":{"line":133,"column":13}},"loc":{"start":{"line":133,"column":16},"end":{"line":155,"column":null}},"line":133},"9":{"name":"(anonymous_9)","decl":{"start":{"line":135,"column":45},"end":{"line":135,"column":46}},"loc":{"start":{"line":135,"column":51},"end":{"line":135,"column":71}},"line":135},"10":{"name":"(anonymous_10)","decl":{"start":{"line":136,"column":42},"end":{"line":136,"column":43}},"loc":{"start":{"line":136,"column":49},"end":{"line":138,"column":5}},"line":136},"11":{"name":"(anonymous_11)","decl":{"start":{"line":139,"column":41},"end":{"line":139,"column":42}},"loc":{"start":{"line":139,"column":47},"end":{"line":139,"column":63}},"line":139},"12":{"name":"(anonymous_12)","decl":{"start":{"line":148,"column":48},"end":{"line":148,"column":49}},"loc":{"start":{"line":148,"column":55},"end":{"line":151,"column":5}},"line":148},"13":{"name":"(anonymous_13)","decl":{"start":{"line":152,"column":52},"end":{"line":152,"column":53}},"loc":{"start":{"line":152,"column":58},"end":{"line":154,"column":5}},"line":152},"14":{"name":"_loop","decl":{"start":{"line":161,"column":2},"end":{"line":161,"column":7}},"loc":{"start":{"line":161,"column":10},"end":{"line":165,"column":null}},"line":161},"15":{"name":"tick","decl":{"start":{"line":173,"column":2},"end":{"line":173,"column":6}},"loc":{"start":{"line":173,"column":14},"end":{"line":191,"column":null}},"line":173},"16":{"name":"enterEarth","decl":{"start":{"line":197,"column":2},"end":{"line":197,"column":12}},"loc":{"start":{"line":197,"column":15},"end":{"line":214,"column":null}},"line":197},"17":{"name":"(anonymous_17)","decl":{"start":{"line":201,"column":12},"end":{"line":201,"column":13}},"loc":{"start":{"line":201,"column":18},"end":{"line":211,"column":7}},"line":201},"18":{"name":"(anonymous_18)","decl":{"start":{"line":207,"column":39},"end":{"line":207,"column":40}},"loc":{"start":{"line":207,"column":49},"end":{"line":209,"column":9}},"line":207},"19":{"name":"exitToSolar","decl":{"start":{"line":220,"column":2},"end":{"line":220,"column":13}},"loc":{"start":{"line":220,"column":16},"end":{"line":235,"column":null}},"line":220},"20":{"name":"(anonymous_20)","decl":{"start":{"line":224,"column":12},"end":{"line":224,"column":13}},"loc":{"start":{"line":224,"column":18},"end":{"line":232,"column":7}},"line":224},"21":{"name":"_transition","decl":{"start":{"line":245,"column":2},"end":{"line":245,"column":13}},"loc":{"start":{"line":245,"column":36},"end":{"line":262,"column":null}},"line":245},"22":{"name":"(anonymous_22)","decl":{"start":{"line":257,"column":25},"end":{"line":257,"column":26}},"loc":{"start":{"line":257,"column":31},"end":{"line":261,"column":5}},"line":257},"23":{"name":"(anonymous_23)","decl":{"start":{"line":260,"column":27},"end":{"line":260,"column":28}},"loc":{"start":{"line":260,"column":33},"end":{"line":260,"column":59}},"line":260},"24":{"name":"_finalize","decl":{"start":{"line":268,"column":2},"end":{"line":268,"column":11}},"loc":{"start":{"line":268,"column":24},"end":{"line":271,"column":null}},"line":268},"25":{"name":"_onHashChange","decl":{"start":{"line":278,"column":2},"end":{"line":278,"column":15}},"loc":{"start":{"line":278,"column":18},"end":{"line":284,"column":null}},"line":278},"26":{"name":"_onResize","decl":{"start":{"line":289,"column":2},"end":{"line":289,"column":11}},"loc":{"start":{"line":289,"column":14},"end":{"line":294,"column":null}},"line":289},"27":{"name":"_prefersReducedMotion","decl":{"start":{"line":300,"column":2},"end":{"line":300,"column":23}},"loc":{"start":{"line":300,"column":26},"end":{"line":302,"column":null}},"line":300},"28":{"name":"_ensureOverlay","decl":{"start":{"line":308,"column":2},"end":{"line":308,"column":16}},"loc":{"start":{"line":308,"column":19},"end":{"line":326,"column":null}},"line":308},"29":{"name":"_setHash","decl":{"start":{"line":332,"column":2},"end":{"line":332,"column":10}},"loc":{"start":{"line":332,"column":17},"end":{"line":336,"column":null}},"line":332}},"branchMap":{"0":{"loc":{"start":{"line":35,"column":10},"end":{"line":35,"column":39}},"type":"binary-expr","locations":[{"start":{"line":35,"column":10},"end":{"line":35,"column":33}},{"start":{"line":35,"column":37},"end":{"line":35,"column":39}}],"line":35},"1":{"loc":{"start":{"line":45,"column":9},"end":{"line":45,"column":72}},"type":"cond-expr","locations":[{"start":{"line":45,"column":55},"end":{"line":45,"column":62}},{"start":{"line":45,"column":65},"end":{"line":45,"column":72}}],"line":45},"2":{"loc":{"start":{"line":45,"column":10},"end":{"line":45,"column":20}},"type":"binary-expr","locations":[{"start":{"line":45,"column":10},"end":{"line":45,"column":14}},{"start":{"line":45,"column":18},"end":{"line":45,"column":20}}],"line":45},"3":{"loc":{"start":{"line":54,"column":9},"end":{"line":54,"column":44}},"type":"cond-expr","locations":[{"start":{"line":54,"column":28},"end":{"line":54,"column":37}},{"start":{"line":54,"column":40},"end":{"line":54,"column":44}}],"line":54},"4":{"loc":{"start":{"line":77,"column":14},"end":{"line":77,"column":85}},"type":"default-arg","locations":[{"start":{"line":77,"column":83},"end":{"line":77,"column":85}}],"line":77},"5":{"loc":{"start":{"line":77,"column":60},"end":{"line":77,"column":78}},"type":"default-arg","locations":[{"start":{"line":77,"column":75},"end":{"line":77,"column":78}}],"line":77},"6":{"loc":{"start":{"line":80,"column":22},"end":{"line":80,"column":103}},"type":"binary-expr","locations":[{"start":{"line":80,"column":22},"end":{"line":80,"column":32}},{"start":{"line":80,"column":37},"end":{"line":80,"column":46}},{"start":{"line":80,"column":50},"end":{"line":80,"column":73}},{"start":{"line":80,"column":77},"end":{"line":80,"column":102}}],"line":80},"7":{"loc":{"start":{"line":81,"column":16},"end":{"line":81,"column":75}},"type":"binary-expr","locations":[{"start":{"line":81,"column":16},"end":{"line":81,"column":19}},{"start":{"line":81,"column":24},"end":{"line":81,"column":74}}],"line":81},"8":{"loc":{"start":{"line":81,"column":24},"end":{"line":81,"column":74}},"type":"cond-expr","locations":[{"start":{"line":81,"column":56},"end":{"line":81,"column":62}},{"start":{"line":81,"column":65},"end":{"line":81,"column":74}}],"line":81},"9":{"loc":{"start":{"line":82,"column":16},"end":{"line":82,"column":85}},"type":"binary-expr","locations":[{"start":{"line":82,"column":16},"end":{"line":82,"column":19}},{"start":{"line":82,"column":24},"end":{"line":82,"column":33}},{"start":{"line":82,"column":37},"end":{"line":82,"column":84}}],"line":82},"10":{"loc":{"start":{"line":97,"column":4},"end":{"line":97,"column":null}},"type":"if","locations":[{"start":{"line":97,"column":4},"end":{"line":97,"column":null}},{"start":{},"end":{}}],"line":97},"11":{"loc":{"start":{"line":98,"column":4},"end":{"line":98,"column":null}},"type":"if","locations":[{"start":{"line":98,"column":4},"end":{"line":98,"column":null}},{"start":{},"end":{}}],"line":98},"12":{"loc":{"start":{"line":99,"column":4},"end":{"line":101,"column":null}},"type":"if","locations":[{"start":{"line":99,"column":4},"end":{"line":101,"column":null}},{"start":{},"end":{}}],"line":99},"13":{"loc":{"start":{"line":102,"column":4},"end":{"line":104,"column":null}},"type":"if","locations":[{"start":{"line":102,"column":4},"end":{"line":104,"column":null}},{"start":{},"end":{}}],"line":102},"14":{"loc":{"start":{"line":118,"column":30},"end":{"line":118,"column":70}},"type":"cond-expr","locations":[{"start":{"line":118,"column":42},"end":{"line":118,"column":65}},{"start":{"line":118,"column":68},"end":{"line":118,"column":70}}],"line":118},"15":{"loc":{"start":{"line":119,"column":4},"end":{"line":127,"column":null}},"type":"if","locations":[{"start":{"line":119,"column":4},"end":{"line":127,"column":null}},{"start":{"line":124,"column":11},"end":{"line":127,"column":null}}],"line":119},"16":{"loc":{"start":{"line":134,"column":4},"end":{"line":134,"column":null}},"type":"if","locations":[{"start":{"line":134,"column":4},"end":{"line":134,"column":null}},{"start":{},"end":{}}],"line":134},"17":{"loc":{"start":{"line":137,"column":6},"end":{"line":137,"column":null}},"type":"if","locations":[{"start":{"line":137,"column":6},"end":{"line":137,"column":null}},{"start":{},"end":{}}],"line":137},"18":{"loc":{"start":{"line":137,"column":10},"end":{"line":137,"column":65}},"type":"binary-expr","locations":[{"start":{"line":137,"column":10},"end":{"line":137,"column":29}},{"start":{"line":137,"column":33},"end":{"line":137,"column":65}}],"line":137},"19":{"loc":{"start":{"line":163,"column":4},"end":{"line":163,"column":null}},"type":"if","locations":[{"start":{"line":163,"column":4},"end":{"line":163,"column":null}},{"start":{},"end":{}}],"line":163},"20":{"loc":{"start":{"line":180,"column":4},"end":{"line":183,"column":null}},"type":"if","locations":[{"start":{"line":180,"column":4},"end":{"line":183,"column":null}},{"start":{},"end":{}}],"line":180},"21":{"loc":{"start":{"line":184,"column":4},"end":{"line":187,"column":null}},"type":"if","locations":[{"start":{"line":184,"column":4},"end":{"line":187,"column":null}},{"start":{},"end":{}}],"line":184},"22":{"loc":{"start":{"line":188,"column":4},"end":{"line":188,"column":null}},"type":"if","locations":[{"start":{"line":188,"column":4},"end":{"line":188,"column":null}},{"start":{},"end":{}}],"line":188},"23":{"loc":{"start":{"line":189,"column":4},"end":{"line":189,"column":null}},"type":"if","locations":[{"start":{"line":189,"column":4},"end":{"line":189,"column":null}},{"start":{},"end":{}}],"line":189},"24":{"loc":{"start":{"line":189,"column":8},"end":{"line":189,"column":51}},"type":"binary-expr","locations":[{"start":{"line":189,"column":8},"end":{"line":189,"column":34}},{"start":{"line":189,"column":38},"end":{"line":189,"column":51}}],"line":189},"25":{"loc":{"start":{"line":198,"column":4},"end":{"line":198,"column":null}},"type":"if","locations":[{"start":{"line":198,"column":4},"end":{"line":198,"column":null}},{"start":{},"end":{}}],"line":198},"26":{"loc":{"start":{"line":206,"column":8},"end":{"line":206,"column":null}},"type":"if","locations":[{"start":{"line":206,"column":8},"end":{"line":206,"column":null}},{"start":{},"end":{}}],"line":206},"27":{"loc":{"start":{"line":208,"column":10},"end":{"line":208,"column":null}},"type":"if","locations":[{"start":{"line":208,"column":10},"end":{"line":208,"column":null}},{"start":{},"end":{}}],"line":208},"28":{"loc":{"start":{"line":221,"column":4},"end":{"line":221,"column":null}},"type":"if","locations":[{"start":{"line":221,"column":4},"end":{"line":221,"column":null}},{"start":{},"end":{}}],"line":221},"29":{"loc":{"start":{"line":229,"column":8},"end":{"line":229,"column":null}},"type":"if","locations":[{"start":{"line":229,"column":8},"end":{"line":229,"column":null}},{"start":{},"end":{}}],"line":229},"30":{"loc":{"start":{"line":246,"column":4},"end":{"line":250,"column":null}},"type":"if","locations":[{"start":{"line":246,"column":4},"end":{"line":250,"column":null}},{"start":{},"end":{}}],"line":246},"31":{"loc":{"start":{"line":270,"column":4},"end":{"line":270,"column":null}},"type":"if","locations":[{"start":{"line":270,"column":4},"end":{"line":270,"column":null}},{"start":{},"end":{}}],"line":270},"32":{"loc":{"start":{"line":280,"column":20},"end":{"line":280,"column":111}},"type":"cond-expr","locations":[{"start":{"line":280,"column":94},"end":{"line":280,"column":101}},{"start":{"line":280,"column":104},"end":{"line":280,"column":111}}],"line":280},"33":{"loc":{"start":{"line":280,"column":20},"end":{"line":280,"column":91}},"type":"binary-expr","locations":[{"start":{"line":280,"column":20},"end":{"line":280,"column":52}},{"start":{"line":280,"column":56},"end":{"line":280,"column":91}}],"line":280},"34":{"loc":{"start":{"line":281,"column":4},"end":{"line":281,"column":null}},"type":"if","locations":[{"start":{"line":281,"column":4},"end":{"line":281,"column":null}},{"start":{},"end":{}}],"line":281},"35":{"loc":{"start":{"line":282,"column":4},"end":{"line":283,"column":null}},"type":"if","locations":[{"start":{"line":282,"column":4},"end":{"line":283,"column":null}},{"start":{"line":283,"column":9},"end":{"line":283,"column":null}}],"line":282},"36":{"loc":{"start":{"line":292,"column":4},"end":{"line":292,"column":null}},"type":"if","locations":[{"start":{"line":292,"column":4},"end":{"line":292,"column":null}},{"start":{},"end":{}}],"line":292},"37":{"loc":{"start":{"line":293,"column":4},"end":{"line":293,"column":null}},"type":"if","locations":[{"start":{"line":293,"column":4},"end":{"line":293,"column":null}},{"start":{},"end":{}}],"line":293},"38":{"loc":{"start":{"line":301,"column":14},"end":{"line":301,"column":115}},"type":"binary-expr","locations":[{"start":{"line":301,"column":14},"end":{"line":301,"column":23}},{"start":{"line":301,"column":27},"end":{"line":301,"column":47}},{"start":{"line":301,"column":51},"end":{"line":301,"column":115}}],"line":301},"39":{"loc":{"start":{"line":309,"column":4},"end":{"line":312,"column":null}},"type":"if","locations":[{"start":{"line":309,"column":4},"end":{"line":312,"column":null}},{"start":{},"end":{}}],"line":309},"40":{"loc":{"start":{"line":333,"column":4},"end":{"line":335,"column":null}},"type":"if","locations":[{"start":{"line":333,"column":4},"end":{"line":335,"column":null}},{"start":{},"end":{}}],"line":333},"41":{"loc":{"start":{"line":333,"column":8},"end":{"line":333,"column":53}},"type":"binary-expr","locations":[{"start":{"line":333,"column":8},"end":{"line":333,"column":17}},{"start":{"line":333,"column":21},"end":{"line":333,"column":53}}],"line":333}},"s":{"0":2,"1":2,"2":17,"3":19,"4":4,"5":10,"6":10,"7":10,"8":10,"9":10,"10":10,"11":10,"12":10,"13":10,"14":10,"15":10,"16":10,"17":10,"18":10,"19":10,"20":10,"21":0,"22":0,"23":10,"24":0,"25":0,"26":10,"27":10,"28":10,"29":10,"30":10,"31":10,"32":1,"33":1,"34":1,"35":1,"36":9,"37":9,"38":10,"39":0,"40":10,"41":2,"42":10,"43":0,"44":0,"45":10,"46":0,"47":10,"48":10,"49":1,"50":1,"51":10,"52":1,"53":0,"54":0,"55":0,"56":0,"57":3,"58":3,"59":3,"60":3,"61":3,"62":3,"63":3,"64":3,"65":3,"66":3,"67":3,"68":3,"69":2,"70":3,"71":6,"72":1,"73":5,"74":5,"75":5,"76":5,"77":5,"78":5,"79":0,"80":5,"81":0,"82":0,"83":5,"84":2,"85":1,"86":1,"87":1,"88":1,"89":1,"90":1,"91":1,"92":0,"93":1,"94":1,"95":6,"96":5,"97":5,"98":5,"99":1,"100":1,"101":1,"102":1,"103":1,"104":1,"105":1,"106":1,"107":1,"108":1,"109":6,"110":6,"111":1,"112":2,"113":2,"114":2,"115":1,"116":1,"117":1,"118":0,"119":0,"120":0,"121":0,"122":0,"123":0,"124":0,"125":6,"126":1,"127":0,"128":0,"129":1,"130":1,"131":1,"132":1,"133":1,"134":1,"135":7,"136":5},"f":{"0":17,"1":19,"2":4,"3":10,"4":10,"5":0,"6":0,"7":10,"8":10,"9":2,"10":0,"11":0,"12":1,"13":1,"14":0,"15":3,"16":6,"17":5,"18":0,"19":2,"20":1,"21":6,"22":1,"23":1,"24":6,"25":2,"26":0,"27":6,"28":1,"29":7},"b":{"0":[17,0],"1":[5,14],"2":[19,2],"3":[2,2],"4":[10],"5":[10],"6":[10,0,0,0],"7":[10,0],"8":[0,0],"9":[10,0,0],"10":[10,0],"11":[10,0],"12":[0,10],"13":[0,10],"14":[10,0],"15":[1,9],"16":[0,10],"17":[0,0],"18":[0,0],"19":[0,0],"20":[3,0],"21":[3,0],"22":[3,0],"23":[2,1],"24":[3,3],"25":[1,5],"26":[0,5],"27":[0,0],"28":[1,1],"29":[0,1],"30":[5,1],"31":[1,5],"32":[1,1],"33":[2,1],"34":[1,1],"35":[1,0],"36":[0,0],"37":[0,0],"38":[6,6,6],"39":[0,1],"40":[5,2],"41":[7,7]},"meta":{"lastBranch":42,"lastFunction":30,"lastStatement":137,"seen":{"s:8:27:13:1":0,"s:21:26:26:1":1,"f:34:16:34:29":0,"s:35:2:35:Infinity":2,"b:35:10:35:33:35:37:35:39":0,"f:44:16:44:26":1,"s:45:2:45:Infinity":3,"b:45:55:45:62:45:65:45:72":1,"b:45:10:45:14:45:18:45:20":2,"f:53:16:53:26":2,"s:54:2:54:Infinity":4,"b:54:28:54:37:54:40:54:44":3,"f:77:2:77:13":3,"b:77:83:77:85":4,"b:77:75:77:78":5,"s:78:4:78:Infinity":5,"s:79:4:79:Infinity":6,"s:80:4:80:Infinity":7,"b:80:22:80:32:80:37:80:46:80:50:80:73:80:77:80:102":6,"s:81:4:81:Infinity":8,"b:81:16:81:19:81:24:81:74":7,"b:81:56:81:62:81:65:81:74":8,"s:82:4:82:Infinity":9,"b:82:16:82:19:82:24:82:33:82:37:82:84":9,"s:83:4:83:Infinity":10,"s:85:4:85:Infinity":11,"s:86:4:86:Infinity":12,"s:87:4:87:Infinity":13,"s:88:4:88:Infinity":14,"s:89:4:89:Infinity":15,"f:96:2:96:7":4,"b:97:4:97:Infinity:undefined:undefined:undefined:undefined":10,"s:97:4:97:Infinity":16,"s:97:30:97:Infinity":17,"b:98:4:98:Infinity:undefined:undefined:undefined:undefined":11,"s:98:4:98:Infinity":18,"s:98:30:98:Infinity":19,"b:99:4:101:Infinity:undefined:undefined:undefined:undefined":12,"s:99:4:101:Infinity":20,"s:100:6:100:Infinity":21,"f:100:43:100:44":5,"s:100:49:100:67":22,"b:102:4:104:Infinity:undefined:undefined:undefined:undefined":13,"s:102:4:104:Infinity":23,"s:103:6:103:Infinity":24,"f:103:43:103:44":6,"s:103:49:103:66":25,"s:106:4:106:Infinity":26,"s:107:4:107:Infinity":27,"s:108:4:108:Infinity":28,"s:109:4:109:Infinity":29,"f:117:2:117:15":7,"s:118:19:118:71":30,"b:118:42:118:65:118:68:118:70":14,"b:119:4:127:Infinity:124:11:127:Infinity":15,"s:119:4:127:Infinity":31,"s:120:6:120:Infinity":32,"s:121:6:121:Infinity":33,"s:122:6:122:Infinity":34,"s:123:6:123:Infinity":35,"s:125:6:125:Infinity":36,"s:126:6:126:Infinity":37,"f:133:2:133:13":8,"b:134:4:134:Infinity:undefined:undefined:undefined:undefined":16,"s:134:4:134:Infinity":38,"s:134:20:134:Infinity":39,"s:135:4:135:Infinity":40,"f:135:45:135:46":9,"s:135:51:135:71":41,"s:136:4:138:Infinity":42,"f:136:42:136:43":10,"b:137:6:137:Infinity:undefined:undefined:undefined:undefined":17,"s:137:6:137:Infinity":43,"b:137:10:137:29:137:33:137:65":18,"s:137:67:137:Infinity":44,"s:139:4:139:Infinity":45,"f:139:41:139:42":11,"s:139:47:139:63":46,"s:147:19:147:54":47,"s:148:4:151:Infinity":48,"f:148:48:148:49":12,"s:149:6:149:Infinity":49,"s:150:6:150:Infinity":50,"s:152:4:154:Infinity":51,"f:152:52:152:53":13,"s:153:6:153:Infinity":52,"f:161:2:161:7":14,"s:162:4:162:Infinity":53,"b:163:4:163:Infinity:undefined:undefined:undefined:undefined":19,"s:163:4:163:Infinity":54,"s:163:24:163:Infinity":55,"s:164:4:164:Infinity":56,"f:173:2:173:6":15,"s:174:4:174:Infinity":57,"s:175:30:175:60":58,"s:176:15:176:30":59,"b:180:4:183:Infinity:undefined:undefined:undefined:undefined":20,"s:180:4:183:Infinity":60,"s:181:6:181:Infinity":61,"s:182:6:182:Infinity":62,"b:184:4:187:Infinity:undefined:undefined:undefined:undefined":21,"s:184:4:187:Infinity":63,"s:185:6:185:Infinity":64,"s:186:6:186:Infinity":65,"b:188:4:188:Infinity:undefined:undefined:undefined:undefined":22,"s:188:4:188:Infinity":66,"s:188:32:188:Infinity":67,"b:189:4:189:Infinity:undefined:undefined:undefined:undefined":23,"s:189:4:189:Infinity":68,"b:189:8:189:34:189:38:189:51":24,"s:189:53:189:Infinity":69,"s:190:4:190:Infinity":70,"f:197:2:197:12":16,"b:198:4:198:Infinity:undefined:undefined:undefined:undefined":25,"s:198:4:198:Infinity":71,"s:198:58:198:Infinity":72,"s:199:4:199:Infinity":73,"s:200:4:213:Infinity":74,"f:201:12:201:13":17,"s:202:8:202:Infinity":75,"s:203:8:203:Infinity":76,"s:204:8:204:50":77,"b:206:8:206:Infinity:undefined:undefined:undefined:undefined":26,"s:206:8:206:Infinity":78,"s:206:45:206:Infinity":79,"s:207:8:209:Infinity":80,"f:207:39:207:40":18,"b:208:10:208:Infinity:undefined:undefined:undefined:undefined":27,"s:208:10:208:Infinity":81,"s:208:44:208:Infinity":82,"s:210:8:210:Infinity":83,"f:220:2:220:13":19,"b:221:4:221:Infinity:undefined:undefined:undefined:undefined":28,"s:221:4:221:Infinity":84,"s:221:58:221:Infinity":85,"s:222:4:222:Infinity":86,"s:223:4:234:Infinity":87,"f:224:12:224:13":20,"s:225:8:225:Infinity":88,"s:226:8:226:Infinity":89,"s:227:8:227:Infinity":90,"b:229:8:229:Infinity:undefined:undefined:undefined:undefined":29,"s:229:8:229:Infinity":91,"s:229:45:229:Infinity":92,"s:230:8:230:Infinity":93,"s:231:8:231:Infinity":94,"f:245:2:245:13":21,"b:246:4:250:Infinity:undefined:undefined:undefined:undefined":30,"s:246:4:250:Infinity":95,"s:247:6:247:Infinity":96,"s:248:6:248:Infinity":97,"s:249:6:249:Infinity":98,"s:251:17:251:38":99,"s:252:20:252:41":100,"s:253:4:253:Infinity":101,"s:255:4:255:25":102,"s:256:4:256:Infinity":103,"s:257:4:261:Infinity":104,"f:257:25:257:26":22,"s:258:6:258:Infinity":105,"s:259:6:259:Infinity":106,"s:260:6:260:Infinity":107,"f:260:27:260:28":23,"s:260:33:260:59":108,"f:268:2:268:11":24,"s:269:4:269:Infinity":109,"b:270:4:270:Infinity:undefined:undefined:undefined:undefined":31,"s:270:4:270:Infinity":110,"s:270:23:270:Infinity":111,"f:278:2:278:15":25,"s:279:19:279:54":112,"s:280:20:280:111":113,"b:280:94:280:101:280:104:280:111":32,"b:280:20:280:52:280:56:280:91":33,"b:281:4:281:Infinity:undefined:undefined:undefined:undefined":34,"s:281:4:281:Infinity":114,"s:281:28:281:Infinity":115,"b:282:4:283:Infinity:283:9:283:Infinity":35,"s:282:4:283:Infinity":116,"s:282:28:282:Infinity":117,"s:283:9:283:Infinity":118,"f:289:2:289:11":26,"s:290:14:290:34":119,"s:291:14:291:35":120,"b:292:4:292:Infinity:undefined:undefined:undefined:undefined":36,"s:292:4:292:Infinity":121,"s:292:32:292:Infinity":122,"b:293:4:293:Infinity:undefined:undefined:undefined:undefined":37,"s:293:4:293:Infinity":123,"s:293:34:293:Infinity":124,"f:300:2:300:23":27,"s:301:4:301:Infinity":125,"b:301:14:301:23:301:27:301:47:301:51:301:115":38,"f:308:2:308:16":28,"b:309:4:312:Infinity:undefined:undefined:undefined:undefined":39,"s:309:4:312:Infinity":126,"s:310:6:310:Infinity":127,"s:311:6:311:Infinity":128,"s:313:15:313:54":129,"s:314:4:314:Infinity":130,"s:315:4:322:Infinity":131,"s:323:4:323:Infinity":132,"s:324:4:324:Infinity":133,"s:325:4:325:Infinity":134,"f:332:2:332:10":29,"b:333:4:335:Infinity:undefined:undefined:undefined:undefined":40,"s:333:4:335:Infinity":135,"b:333:8:333:17:333:21:333:53":41,"s:334:6:334:Infinity":136},"fnNames":{}}}
,"/Users/masterp/Projects/superwork/solar-simulator/src/data/FlightDataService.js": {"path":"/Users/masterp/Projects/superwork/solar-simulator/src/data/FlightDataService.js","statementMap":{"0":{"start":{"line":3,"column":28},"end":{"line":9,"column":1}},"1":{"start":{"line":11,"column":25},"end":{"line":11,"column":38}},"2":{"start":{"line":12,"column":18},"end":{"line":12,"column":21}},"3":{"start":{"line":22,"column":2},"end":{"line":22,"column":null}},"4":{"start":{"line":22,"column":39},"end":{"line":22,"column":null}},"5":{"start":{"line":23,"column":14},"end":{"line":23,"column":29}},"6":{"start":{"line":24,"column":14},"end":{"line":24,"column":29}},"7":{"start":{"line":25,"column":2},"end":{"line":25,"column":null}},"8":{"start":{"line":25,"column":54},"end":{"line":25,"column":null}},"9":{"start":{"line":27,"column":17},"end":{"line":27,"column":37}},"10":{"start":{"line":28,"column":14},"end":{"line":28,"column":63}},"11":{"start":{"line":29,"column":19},"end":{"line":29,"column":36}},"12":{"start":{"line":30,"column":16},"end":{"line":30,"column":78}},"13":{"start":{"line":31,"column":16},"end":{"line":31,"column":30}},"14":{"start":{"line":32,"column":13},"end":{"line":32,"column":60}},"15":{"start":{"line":34,"column":2},"end":{"line":41,"column":null}},"16":{"start":{"line":54,"column":18},"end":{"line":54,"column":47}},"17":{"start":{"line":55,"column":14},"end":{"line":55,"column":40}},"18":{"start":{"line":56,"column":15},"end":{"line":56,"column":38}},"19":{"start":{"line":57,"column":17},"end":{"line":57,"column":67}},"20":{"start":{"line":58,"column":15},"end":{"line":58,"column":49}},"21":{"start":{"line":59,"column":2},"end":{"line":59,"column":null}},"22":{"start":{"line":93,"column":4},"end":{"line":93,"column":null}},"23":{"start":{"line":94,"column":4},"end":{"line":94,"column":null}},"24":{"start":{"line":94,"column":42},"end":{"line":94,"column":60}},"25":{"start":{"line":95,"column":4},"end":{"line":95,"column":null}},"26":{"start":{"line":95,"column":40},"end":{"line":95,"column":56}},"27":{"start":{"line":96,"column":4},"end":{"line":96,"column":null}},"28":{"start":{"line":97,"column":4},"end":{"line":97,"column":null}},"29":{"start":{"line":97,"column":30},"end":{"line":97,"column":40}},"30":{"start":{"line":98,"column":4},"end":{"line":98,"column":null}},"31":{"start":{"line":99,"column":4},"end":{"line":99,"column":null}},"32":{"start":{"line":100,"column":4},"end":{"line":100,"column":null}},"33":{"start":{"line":101,"column":4},"end":{"line":101,"column":null}},"34":{"start":{"line":102,"column":4},"end":{"line":102,"column":null}},"35":{"start":{"line":104,"column":4},"end":{"line":104,"column":null}},"36":{"start":{"line":105,"column":4},"end":{"line":105,"column":null}},"37":{"start":{"line":106,"column":4},"end":{"line":106,"column":null}},"38":{"start":{"line":107,"column":4},"end":{"line":107,"column":null}},"39":{"start":{"line":108,"column":4},"end":{"line":108,"column":null}},"40":{"start":{"line":109,"column":4},"end":{"line":109,"column":null}},"41":{"start":{"line":110,"column":4},"end":{"line":110,"column":null}},"42":{"start":{"line":111,"column":4},"end":{"line":111,"column":null}},"43":{"start":{"line":112,"column":4},"end":{"line":112,"column":null}},"44":{"start":{"line":120,"column":4},"end":{"line":120,"column":null}},"45":{"start":{"line":124,"column":4},"end":{"line":124,"column":null}},"46":{"start":{"line":124,"column":30},"end":{"line":124,"column":null}},"47":{"start":{"line":125,"column":4},"end":{"line":125,"column":null}},"48":{"start":{"line":126,"column":4},"end":{"line":126,"column":null}},"49":{"start":{"line":126,"column":23},"end":{"line":126,"column":null}},"50":{"start":{"line":131,"column":4},"end":{"line":131,"column":null}},"51":{"start":{"line":131,"column":23},"end":{"line":131,"column":null}},"52":{"start":{"line":132,"column":4},"end":{"line":132,"column":null}},"53":{"start":{"line":133,"column":4},"end":{"line":133,"column":null}},"54":{"start":{"line":134,"column":4},"end":{"line":134,"column":null}},"55":{"start":{"line":135,"column":4},"end":{"line":135,"column":null}},"56":{"start":{"line":136,"column":4},"end":{"line":136,"column":null}},"57":{"start":{"line":146,"column":4},"end":{"line":146,"column":null}},"58":{"start":{"line":147,"column":4},"end":{"line":147,"column":26}},"59":{"start":{"line":148,"column":4},"end":{"line":151,"column":null}},"60":{"start":{"line":149,"column":6},"end":{"line":149,"column":null}},"61":{"start":{"line":150,"column":6},"end":{"line":150,"column":null}},"62":{"start":{"line":152,"column":4},"end":{"line":152,"column":null}},"63":{"start":{"line":153,"column":4},"end":{"line":153,"column":null}},"64":{"start":{"line":154,"column":4},"end":{"line":154,"column":null}},"65":{"start":{"line":158,"column":16},"end":{"line":158,"column":32}},"66":{"start":{"line":159,"column":4},"end":{"line":159,"column":null}},"67":{"start":{"line":159,"column":24},"end":{"line":159,"column":null}},"68":{"start":{"line":162,"column":4},"end":{"line":165,"column":null}},"69":{"start":{"line":163,"column":6},"end":{"line":163,"column":null}},"70":{"start":{"line":164,"column":6},"end":{"line":164,"column":null}},"71":{"start":{"line":167,"column":4},"end":{"line":183,"column":null}},"72":{"start":{"line":168,"column":18},"end":{"line":168,"column":46}},"73":{"start":{"line":169,"column":6},"end":{"line":169,"column":null}},"74":{"start":{"line":169,"column":31},"end":{"line":169,"column":null}},"75":{"start":{"line":170,"column":6},"end":{"line":170,"column":null}},"76":{"start":{"line":170,"column":37},"end":{"line":170,"column":null}},"77":{"start":{"line":171,"column":6},"end":{"line":171,"column":null}},"78":{"start":{"line":171,"column":27},"end":{"line":171,"column":null}},"79":{"start":{"line":173,"column":19},"end":{"line":173,"column":35}},"80":{"start":{"line":174,"column":6},"end":{"line":174,"column":null}},"81":{"start":{"line":174,"column":31},"end":{"line":174,"column":null}},"82":{"start":{"line":175,"column":6},"end":{"line":175,"column":null}},"83":{"start":{"line":176,"column":6},"end":{"line":176,"column":null}},"84":{"start":{"line":177,"column":6},"end":{"line":177,"column":null}},"85":{"start":{"line":178,"column":6},"end":{"line":178,"column":null}},"86":{"start":{"line":179,"column":6},"end":{"line":179,"column":null}},"87":{"start":{"line":181,"column":6},"end":{"line":181,"column":null}},"88":{"start":{"line":181,"column":31},"end":{"line":181,"column":null}},"89":{"start":{"line":182,"column":6},"end":{"line":182,"column":null}},"90":{"start":{"line":187,"column":4},"end":{"line":187,"column":null}},"91":{"start":{"line":191,"column":4},"end":{"line":191,"column":null}},"92":{"start":{"line":192,"column":4},"end":{"line":192,"column":null}},"93":{"start":{"line":193,"column":4},"end":{"line":193,"column":null}},"94":{"start":{"line":197,"column":4},"end":{"line":197,"column":null}},"95":{"start":{"line":197,"column":24},"end":{"line":197,"column":null}},"96":{"start":{"line":198,"column":4},"end":{"line":198,"column":null}},"97":{"start":{"line":198,"column":43},"end":{"line":198,"column":55}},"98":{"start":{"line":207,"column":17},"end":{"line":207,"column":26}},"99":{"start":{"line":208,"column":4},"end":{"line":221,"column":null}},"100":{"start":{"line":209,"column":16},"end":{"line":209,"column":37}},"101":{"start":{"line":210,"column":6},"end":{"line":210,"column":null}},"102":{"start":{"line":210,"column":14},"end":{"line":210,"column":null}},"103":{"start":{"line":211,"column":19},"end":{"line":211,"column":44}},"104":{"start":{"line":212,"column":6},"end":{"line":219,"column":null}},"105":{"start":{"line":220,"column":6},"end":{"line":220,"column":null}},"106":{"start":{"line":220,"column":42},"end":{"line":220,"column":null}},"107":{"start":{"line":222,"column":4},"end":{"line":222,"column":null}},"108":{"start":{"line":223,"column":4},"end":{"line":223,"column":null}},"109":{"start":{"line":231,"column":4},"end":{"line":231,"column":null}},"110":{"start":{"line":231,"column":86},"end":{"line":231,"column":null}},"111":{"start":{"line":232,"column":14},"end":{"line":232,"column":41}},"112":{"start":{"line":233,"column":4},"end":{"line":237,"column":null}},"113":{"start":{"line":234,"column":17},"end":{"line":234,"column":35}},"114":{"start":{"line":235,"column":6},"end":{"line":235,"column":null}},"115":{"start":{"line":236,"column":6},"end":{"line":236,"column":null}},"116":{"start":{"line":242,"column":4},"end":{"line":244,"column":null}},"117":{"start":{"line":242,"column":52},"end":{"line":244,"column":5}}},"fnMap":{"0":{"name":"validateAircraft","decl":{"start":{"line":21,"column":16},"end":{"line":21,"column":32}},"loc":{"start":{"line":21,"column":38},"end":{"line":42,"column":null}},"line":21},"1":{"name":"deadReckon","decl":{"start":{"line":53,"column":16},"end":{"line":53,"column":26}},"loc":{"start":{"line":53,"column":35},"end":{"line":60,"column":null}},"line":53},"2":{"name":"constructor","decl":{"start":{"line":78,"column":2},"end":{"line":78,"column":13}},"loc":{"start":{"line":92,"column":10},"end":{"line":113,"column":null}},"line":92},"3":{"name":"(anonymous_3)","decl":{"start":{"line":94,"column":30},"end":{"line":94,"column":31}},"loc":{"start":{"line":94,"column":42},"end":{"line":94,"column":60}},"line":94},"4":{"name":"(anonymous_4)","decl":{"start":{"line":95,"column":32},"end":{"line":95,"column":33}},"loc":{"start":{"line":95,"column":40},"end":{"line":95,"column":56}},"line":95},"5":{"name":"(anonymous_5)","decl":{"start":{"line":97,"column":24},"end":{"line":97,"column":25}},"loc":{"start":{"line":97,"column":30},"end":{"line":97,"column":40}},"line":97},"6":{"name":"onState","decl":{"start":{"line":119,"column":2},"end":{"line":119,"column":9}},"loc":{"start":{"line":119,"column":14},"end":{"line":121,"column":null}},"line":119},"7":{"name":"_setState","decl":{"start":{"line":123,"column":2},"end":{"line":123,"column":11}},"loc":{"start":{"line":123,"column":19},"end":{"line":127,"column":null}},"line":123},"8":{"name":"start","decl":{"start":{"line":130,"column":2},"end":{"line":130,"column":7}},"loc":{"start":{"line":130,"column":10},"end":{"line":137,"column":null}},"line":130},"9":{"name":"stop","decl":{"start":{"line":145,"column":2},"end":{"line":145,"column":6}},"loc":{"start":{"line":145,"column":9},"end":{"line":155,"column":null}},"line":145},"10":{"name":"_poll","decl":{"start":{"line":157,"column":8},"end":{"line":157,"column":13}},"loc":{"start":{"line":157,"column":16},"end":{"line":184,"column":null}},"line":157},"11":{"name":"_disposed","decl":{"start":{"line":186,"column":2},"end":{"line":186,"column":11}},"loc":{"start":{"line":186,"column":17},"end":{"line":188,"column":null}},"line":186},"12":{"name":"_onFailure","decl":{"start":{"line":190,"column":2},"end":{"line":190,"column":12}},"loc":{"start":{"line":190,"column":20},"end":{"line":194,"column":null}},"line":190},"13":{"name":"_scheduleNext","decl":{"start":{"line":196,"column":2},"end":{"line":196,"column":15}},"loc":{"start":{"line":196,"column":23},"end":{"line":199,"column":null}},"line":196},"14":{"name":"(anonymous_14)","decl":{"start":{"line":198,"column":37},"end":{"line":198,"column":38}},"loc":{"start":{"line":198,"column":43},"end":{"line":198,"column":55}},"line":198},"15":{"name":"_applyAircraft","decl":{"start":{"line":206,"column":2},"end":{"line":206,"column":16}},"loc":{"start":{"line":206,"column":22},"end":{"line":224,"column":null}},"line":206},"16":{"name":"tick","decl":{"start":{"line":230,"column":2},"end":{"line":230,"column":6}},"loc":{"start":{"line":230,"column":11},"end":{"line":238,"column":null}},"line":230},"17":{"name":"getAircraft","decl":{"start":{"line":241,"column":2},"end":{"line":241,"column":13}},"loc":{"start":{"line":241,"column":16},"end":{"line":245,"column":null}},"line":241},"18":{"name":"(anonymous_18)","decl":{"start":{"line":242,"column":44},"end":{"line":242,"column":45}},"loc":{"start":{"line":242,"column":52},"end":{"line":244,"column":5}},"line":242}},"branchMap":{"0":{"loc":{"start":{"line":22,"column":2},"end":{"line":22,"column":null}},"type":"if","locations":[{"start":{"line":22,"column":2},"end":{"line":22,"column":null}},{"start":{},"end":{}}],"line":22},"1":{"loc":{"start":{"line":22,"column":6},"end":{"line":22,"column":37}},"type":"binary-expr","locations":[{"start":{"line":22,"column":6},"end":{"line":22,"column":10}},{"start":{"line":22,"column":14},"end":{"line":22,"column":37}}],"line":22},"2":{"loc":{"start":{"line":25,"column":2},"end":{"line":25,"column":null}},"type":"if","locations":[{"start":{"line":25,"column":2},"end":{"line":25,"column":null}},{"start":{},"end":{}}],"line":25},"3":{"loc":{"start":{"line":25,"column":6},"end":{"line":25,"column":52}},"type":"binary-expr","locations":[{"start":{"line":25,"column":6},"end":{"line":25,"column":27}},{"start":{"line":25,"column":31},"end":{"line":25,"column":52}}],"line":25},"4":{"loc":{"start":{"line":28,"column":14},"end":{"line":28,"column":63}},"type":"cond-expr","locations":[{"start":{"line":28,"column":40},"end":{"line":28,"column":59}},{"start":{"line":28,"column":62},"end":{"line":28,"column":63}}],"line":28},"5":{"loc":{"start":{"line":30,"column":16},"end":{"line":30,"column":78}},"type":"cond-expr","locations":[{"start":{"line":30,"column":44},"end":{"line":30,"column":74}},{"start":{"line":30,"column":77},"end":{"line":30,"column":78}}],"line":30},"6":{"loc":{"start":{"line":32,"column":13},"end":{"line":32,"column":60}},"type":"cond-expr","locations":[{"start":{"line":32,"column":38},"end":{"line":32,"column":56}},{"start":{"line":32,"column":59},"end":{"line":32,"column":60}}],"line":32},"7":{"loc":{"start":{"line":35,"column":16},"end":{"line":35,"column":43}},"type":"binary-expr","locations":[{"start":{"line":35,"column":16},"end":{"line":35,"column":23}},{"start":{"line":35,"column":27},"end":{"line":35,"column":37}},{"start":{"line":35,"column":41},"end":{"line":35,"column":43}}],"line":35},"8":{"loc":{"start":{"line":78,"column":14},"end":{"line":92,"column":8}},"type":"default-arg","locations":[{"start":{"line":92,"column":6},"end":{"line":92,"column":8}}],"line":78},"9":{"loc":{"start":{"line":84,"column":4},"end":{"line":84,"column":37}},"type":"default-arg","locations":[{"start":{"line":84,"column":14},"end":{"line":84,"column":37}}],"line":84},"10":{"loc":{"start":{"line":85,"column":4},"end":{"line":85,"column":29}},"type":"default-arg","locations":[{"start":{"line":85,"column":10},"end":{"line":85,"column":29}}],"line":85},"11":{"loc":{"start":{"line":86,"column":4},"end":{"line":86,"column":29}},"type":"default-arg","locations":[{"start":{"line":86,"column":10},"end":{"line":86,"column":29}}],"line":86},"12":{"loc":{"start":{"line":87,"column":4},"end":{"line":87,"column":39}},"type":"default-arg","locations":[{"start":{"line":87,"column":15},"end":{"line":87,"column":39}}],"line":87},"13":{"loc":{"start":{"line":88,"column":4},"end":{"line":88,"column":51}},"type":"default-arg","locations":[{"start":{"line":88,"column":21},"end":{"line":88,"column":51}}],"line":88},"14":{"loc":{"start":{"line":89,"column":4},"end":{"line":89,"column":51}},"type":"default-arg","locations":[{"start":{"line":89,"column":21},"end":{"line":89,"column":51}}],"line":89},"15":{"loc":{"start":{"line":90,"column":4},"end":{"line":90,"column":47}},"type":"default-arg","locations":[{"start":{"line":90,"column":19},"end":{"line":90,"column":47}}],"line":90},"16":{"loc":{"start":{"line":91,"column":4},"end":{"line":91,"column":47}},"type":"default-arg","locations":[{"start":{"line":91,"column":19},"end":{"line":91,"column":47}}],"line":91},"17":{"loc":{"start":{"line":93,"column":18},"end":{"line":93,"column":91}},"type":"binary-expr","locations":[{"start":{"line":93,"column":18},"end":{"line":93,"column":25}},{"start":{"line":93,"column":30},"end":{"line":93,"column":90}}],"line":93},"18":{"loc":{"start":{"line":93,"column":30},"end":{"line":93,"column":90}},"type":"cond-expr","locations":[{"start":{"line":93,"column":61},"end":{"line":93,"column":83}},{"start":{"line":93,"column":86},"end":{"line":93,"column":90}}],"line":93},"19":{"loc":{"start":{"line":94,"column":23},"end":{"line":94,"column":61}},"type":"binary-expr","locations":[{"start":{"line":94,"column":23},"end":{"line":94,"column":25}},{"start":{"line":94,"column":30},"end":{"line":94,"column":60}}],"line":94},"20":{"loc":{"start":{"line":95,"column":25},"end":{"line":95,"column":57}},"type":"binary-expr","locations":[{"start":{"line":95,"column":25},"end":{"line":95,"column":27}},{"start":{"line":95,"column":32},"end":{"line":95,"column":56}}],"line":95},"21":{"loc":{"start":{"line":96,"column":16},"end":{"line":96,"column":88}},"type":"binary-expr","locations":[{"start":{"line":96,"column":16},"end":{"line":96,"column":19}},{"start":{"line":96,"column":24},"end":{"line":96,"column":87}}],"line":96},"22":{"loc":{"start":{"line":96,"column":24},"end":{"line":96,"column":87}},"type":"cond-expr","locations":[{"start":{"line":96,"column":59},"end":{"line":96,"column":68}},{"start":{"line":96,"column":71},"end":{"line":96,"column":87}}],"line":96},"23":{"loc":{"start":{"line":97,"column":16},"end":{"line":97,"column":41}},"type":"binary-expr","locations":[{"start":{"line":97,"column":16},"end":{"line":97,"column":19}},{"start":{"line":97,"column":24},"end":{"line":97,"column":40}}],"line":97},"24":{"loc":{"start":{"line":124,"column":4},"end":{"line":124,"column":null}},"type":"if","locations":[{"start":{"line":124,"column":4},"end":{"line":124,"column":null}},{"start":{},"end":{}}],"line":124},"25":{"loc":{"start":{"line":126,"column":4},"end":{"line":126,"column":null}},"type":"if","locations":[{"start":{"line":126,"column":4},"end":{"line":126,"column":null}},{"start":{},"end":{}}],"line":126},"26":{"loc":{"start":{"line":131,"column":4},"end":{"line":131,"column":null}},"type":"if","locations":[{"start":{"line":131,"column":4},"end":{"line":131,"column":null}},{"start":{},"end":{}}],"line":131},"27":{"loc":{"start":{"line":148,"column":4},"end":{"line":151,"column":null}},"type":"if","locations":[{"start":{"line":148,"column":4},"end":{"line":151,"column":null}},{"start":{},"end":{}}],"line":148},"28":{"loc":{"start":{"line":159,"column":4},"end":{"line":159,"column":null}},"type":"if","locations":[{"start":{"line":159,"column":4},"end":{"line":159,"column":null}},{"start":{},"end":{}}],"line":159},"29":{"loc":{"start":{"line":162,"column":4},"end":{"line":165,"column":null}},"type":"if","locations":[{"start":{"line":162,"column":4},"end":{"line":165,"column":null}},{"start":{},"end":{}}],"line":162},"30":{"loc":{"start":{"line":162,"column":8},"end":{"line":162,"column":47}},"type":"binary-expr","locations":[{"start":{"line":162,"column":8},"end":{"line":162,"column":17}},{"start":{"line":162,"column":21},"end":{"line":162,"column":47}}],"line":162},"31":{"loc":{"start":{"line":169,"column":6},"end":{"line":169,"column":null}},"type":"if","locations":[{"start":{"line":169,"column":6},"end":{"line":169,"column":null}},{"start":{},"end":{}}],"line":169},"32":{"loc":{"start":{"line":170,"column":6},"end":{"line":170,"column":null}},"type":"if","locations":[{"start":{"line":170,"column":6},"end":{"line":170,"column":null}},{"start":{},"end":{}}],"line":170},"33":{"loc":{"start":{"line":170,"column":10},"end":{"line":170,"column":35}},"type":"binary-expr","locations":[{"start":{"line":170,"column":10},"end":{"line":170,"column":13}},{"start":{"line":170,"column":17},"end":{"line":170,"column":35}}],"line":170},"34":{"loc":{"start":{"line":171,"column":6},"end":{"line":171,"column":null}},"type":"if","locations":[{"start":{"line":171,"column":6},"end":{"line":171,"column":null}},{"start":{},"end":{}}],"line":171},"35":{"loc":{"start":{"line":171,"column":10},"end":{"line":171,"column":25}},"type":"binary-expr","locations":[{"start":{"line":171,"column":10},"end":{"line":171,"column":14}},{"start":{"line":171,"column":18},"end":{"line":171,"column":25}}],"line":171},"36":{"loc":{"start":{"line":174,"column":6},"end":{"line":174,"column":null}},"type":"if","locations":[{"start":{"line":174,"column":6},"end":{"line":174,"column":null}},{"start":{},"end":{}}],"line":174},"37":{"loc":{"start":{"line":175,"column":26},"end":{"line":175,"column":71}},"type":"cond-expr","locations":[{"start":{"line":175,"column":59},"end":{"line":175,"column":66}},{"start":{"line":175,"column":69},"end":{"line":175,"column":71}}],"line":175},"38":{"loc":{"start":{"line":175,"column":40},"end":{"line":175,"column":55}},"type":"binary-expr","locations":[{"start":{"line":175,"column":40},"end":{"line":175,"column":44}},{"start":{"line":175,"column":48},"end":{"line":175,"column":55}}],"line":175},"39":{"loc":{"start":{"line":181,"column":6},"end":{"line":181,"column":null}},"type":"if","locations":[{"start":{"line":181,"column":6},"end":{"line":181,"column":null}},{"start":{},"end":{}}],"line":181},"40":{"loc":{"start":{"line":187,"column":11},"end":{"line":187,"column":53}},"type":"binary-expr","locations":[{"start":{"line":187,"column":11},"end":{"line":187,"column":25}},{"start":{"line":187,"column":29},"end":{"line":187,"column":53}}],"line":187},"41":{"loc":{"start":{"line":192,"column":22},"end":{"line":192,"column":110}},"type":"cond-expr","locations":[{"start":{"line":192,"column":40},"end":{"line":192,"column":88}},{"start":{"line":192,"column":91},"end":{"line":192,"column":110}}],"line":192},"42":{"loc":{"start":{"line":197,"column":4},"end":{"line":197,"column":null}},"type":"if","locations":[{"start":{"line":197,"column":4},"end":{"line":197,"column":null}},{"start":{},"end":{}}],"line":197},"43":{"loc":{"start":{"line":210,"column":6},"end":{"line":210,"column":null}},"type":"if","locations":[{"start":{"line":210,"column":6},"end":{"line":210,"column":null}},{"start":{},"end":{}}],"line":210},"44":{"loc":{"start":{"line":215,"column":13},"end":{"line":215,"column":36}},"type":"cond-expr","locations":[{"start":{"line":215,"column":20},"end":{"line":215,"column":28}},{"start":{"line":215,"column":31},"end":{"line":215,"column":36}}],"line":215},"45":{"loc":{"start":{"line":216,"column":13},"end":{"line":216,"column":36}},"type":"cond-expr","locations":[{"start":{"line":216,"column":20},"end":{"line":216,"column":28}},{"start":{"line":216,"column":31},"end":{"line":216,"column":36}}],"line":216},"46":{"loc":{"start":{"line":220,"column":6},"end":{"line":220,"column":null}},"type":"if","locations":[{"start":{"line":220,"column":6},"end":{"line":220,"column":null}},{"start":{},"end":{}}],"line":220},"47":{"loc":{"start":{"line":231,"column":4},"end":{"line":231,"column":null}},"type":"if","locations":[{"start":{"line":231,"column":4},"end":{"line":231,"column":null}},{"start":{},"end":{}}],"line":231},"48":{"loc":{"start":{"line":231,"column":8},"end":{"line":231,"column":84}},"type":"binary-expr","locations":[{"start":{"line":231,"column":8},"end":{"line":231,"column":40}},{"start":{"line":231,"column":44},"end":{"line":231,"column":84}}],"line":231}},"s":{"0":4,"1":4,"2":4,"3":8,"4":1,"5":7,"6":7,"7":7,"8":2,"9":5,"10":5,"11":8,"12":8,"13":8,"14":8,"15":8,"16":2,"17":2,"18":2,"19":2,"20":2,"21":2,"22":20,"23":20,"24":0,"25":20,"26":0,"27":20,"28":20,"29":0,"30":20,"31":20,"32":20,"33":20,"34":20,"35":20,"36":20,"37":20,"38":20,"39":20,"40":20,"41":20,"42":20,"43":20,"44":10,"45":26,"46":6,"47":20,"48":20,"49":0,"50":9,"51":0,"52":9,"53":9,"54":9,"55":9,"56":9,"57":6,"58":6,"59":6,"60":1,"61":1,"62":6,"63":6,"64":6,"65":12,"66":12,"67":0,"68":12,"69":1,"70":1,"71":11,"72":11,"73":10,"74":1,"75":9,"76":4,"77":5,"78":0,"79":5,"80":5,"81":0,"82":5,"83":12,"84":12,"85":12,"86":12,"87":1,"88":0,"89":1,"90":16,"91":5,"92":5,"93":5,"94":10,"95":0,"96":10,"97":3,"98":5,"99":5,"100":3,"101":3,"102":0,"103":3,"104":3,"105":3,"106":1,"107":5,"108":5,"109":4,"110":4,"111":0,"112":0,"113":0,"114":0,"115":0,"116":7,"117":3},"f":{"0":8,"1":2,"2":20,"3":0,"4":0,"5":0,"6":10,"7":26,"8":9,"9":6,"10":12,"11":16,"12":5,"13":10,"14":3,"15":5,"16":4,"17":7,"18":3},"b":{"0":[1,7],"1":[8,7],"2":[2,5],"3":[7,5],"4":[4,1],"5":[5,0],"6":[5,0],"7":[8,0,0],"8":[20],"9":[20],"10":[20],"11":[20],"12":[20],"13":[20],"14":[20],"15":[20],"16":[20],"17":[20,10],"18":[10,0],"19":[20,0],"20":[20,0],"21":[20,10],"22":[10,0],"23":[20,0],"24":[6,20],"25":[0,20],"26":[0,9],"27":[1,5],"28":[0,12],"29":[1,11],"30":[12,12],"31":[1,9],"32":[4,5],"33":[9,9],"34":[0,5],"35":[5,5],"36":[0,5],"37":[5,0],"38":[5,5],"39":[0,1],"40":[16,15],"41":[2,3],"42":[0,10],"43":[0,3],"44":[0,3],"45":[0,3],"46":[1,2],"47":[4,0],"48":[4,4]},"meta":{"lastBranch":49,"lastFunction":19,"lastStatement":118,"seen":{"s:3:28:9:1":0,"s:11:25:11:38":1,"s:12:18:12:21":2,"f:21:16:21:32":0,"b:22:2:22:Infinity:undefined:undefined:undefined:undefined":0,"s:22:2:22:Infinity":3,"b:22:6:22:10:22:14:22:37":1,"s:22:39:22:Infinity":4,"s:23:14:23:29":5,"s:24:14:24:29":6,"b:25:2:25:Infinity:undefined:undefined:undefined:undefined":2,"s:25:2:25:Infinity":7,"b:25:6:25:27:25:31:25:52":3,"s:25:54:25:Infinity":8,"s:27:17:27:37":9,"s:28:14:28:63":10,"b:28:40:28:59:28:62:28:63":4,"s:29:19:29:36":11,"s:30:16:30:78":12,"b:30:44:30:74:30:77:30:78":5,"s
[...]
e":113},"20":{"name":"(anonymous_20)","decl":{"start":{"line":116,"column":42},"end":{"line":116,"column":43}},"loc":{"start":{"line":116,"column":49},"end":{"line":129,"column":5}},"line":116},"21":{"name":"_select","decl":{"start":{"line":137,"column":2},"end":{"line":137,"column":9}},"loc":{"start":{"line":137,"column":15},"end":{"line":150,"column":null}},"line":137},"22":{"name":"_deselect","decl":{"start":{"line":155,"column":2},"end":{"line":155,"column":11}},"loc":{"start":{"line":155,"column":14},"end":{"line":163,"column":null}},"line":155},"23":{"name":"_setUiVisible","decl":{"start":{"line":169,"column":2},"end":{"line":169,"column":15}},"loc":{"start":{"line":169,"column":25},"end":{"line":177,"column":null}},"line":169},"24":{"name":"mount","decl":{"start":{"line":186,"column":2},"end":{"line":186,"column":7}},"loc":{"start":{"line":186,"column":10},"end":{"line":186,"column":null}},"line":186},"25":{"name":"unmount","decl":{"start":{"line":188,"column":2},"end":{"line":188,"column":9}},"loc":{"start":{"line":188,"column":12},"end":{"line":188,"column":null}},"line":188},"26":{"name":"onEnter","decl":{"start":{"line":193,"column":2},"end":{"line":193,"column":9}},"loc":{"start":{"line":193,"column":21},"end":{"line":199,"column":null}},"line":193},"27":{"name":"onExit","decl":{"start":{"line":201,"column":2},"end":{"line":201,"column":8}},"loc":{"start":{"line":201,"column":11},"end":{"line":207,"column":null}},"line":201},"28":{"name":"update","decl":{"start":{"line":212,"column":2},"end":{"line":212,"column":8}},"loc":{"start":{"line":212,"column":16},"end":{"line":234,"column":null}},"line":212},"29":{"name":"getScenePass","decl":{"start":{"line":239,"column":2},"end":{"line":239,"column":14}},"loc":{"start":{"line":239,"column":17},"end":{"line":241,"column":null}},"line":239},"30":{"name":"onResize","decl":{"start":{"line":243,"column":2},"end":{"line":243,"column":10}},"loc":{"start":{"line":243,"column":13},"end":{"line":245,"column":null}},"line":243},"31":{"name":"getRenderCore","decl":{"start":{"line":251,"column":2},"end":{"line":251,"column":15}},"loc":{"start":{"line":251,"column":18},"end":{"line":253,"column":null}},"line":251},"32":{"name":"dispose","decl":{"start":{"line":255,"column":2},"end":{"line":255,"column":9}},"loc":{"start":{"line":255,"column":12},"end":{"line":258,"column":null}},"line":255}},"branchMap":{"0":{"loc":{"start":{"line":29,"column":14},"end":{"line":37,"column":8}},"type":"default-arg","locations":[{"start":{"line":37,"column":6},"end":{"line":37,"column":8}}],"line":29},"1":{"loc":{"start":{"line":32,"column":4},"end":{"line":32,"column":43}},"type":"default-arg","locations":[{"start":{"line":32,"column":22},"end":{"line":32,"column":43}}],"line":32},"2":{"loc":{"start":{"line":33,"column":4},"end":{"line":33,"column":45}},"type":"default-arg","locations":[{"start":{"line":33,"column":23},"end":{"line":33,"column":45}}],"line":33},"3":{"loc":{"start":{"line":34,"column":4},"end":{"line":34,"column":55}},"type":"default-arg","locations":[{"start":{"line":34,"column":25},"end":{"line":34,"column":55}}],"line":34},"4":{"loc":{"start":{"line":35,"column":4},"end":{"line":35,"column":96}},"type":"default-arg","locations":[{"start":{"line":35,"column":24},"end":{"line":35,"column":96}}],"line":35},"5":{"loc":{"start":{"line":36,"column":4},"end":{"line":36,"column":60}},"type":"default-arg","locations":[{"start":{"line":36,"column":10},"end":{"line":36,"column":60}}],"line":36},"6":{"loc":{"start":{"line":36,"column":10},"end":{"line":36,"column":60}},"type":"cond-expr","locations":[{"start":{"line":36,"column":42},"end":{"line":36,"column":48}},{"start":{"line":36,"column":51},"end":{"line":36,"column":60}}],"line":36},"7":{"loc":{"start":{"line":39,"column":25},"end":{"line":39,"column":93}},"type":"binary-expr","locations":[{"start":{"line":39,"column":25},"end":{"line":39,"column":38}},{"start":{"line":39,"column":42},"end":{"line":39,"column":93}}],"line":39},"8":{"loc":{"start":{"line":72,"column":4},"end":{"line":78,"column":null}},"type":"if","locations":[{"start":{"line":72,"column":4},"end":{"line":78,"column":null}},{"start":{},"end":{}}],"line":72},"9":{"loc":{"start":{"line":73,"column":61},"end":{"line":73,"column":118}},"type":"binary-expr","locations":[{"start":{"line":73,"column":61},"end":{"line":73,"column":80}},{"start":{"line":73,"column":84},"end":{"line":73,"column":118}}],"line":73},"10":{"loc":{"start":{"line":76,"column":8},"end":{"line":76,"column":null}},"type":"if","locations":[{"start":{"line":76,"column":8},"end":{"line":76,"column":null}},{"start":{},"end":{}}],"line":76},"11":{"loc":{"start":{"line":93,"column":4},"end":{"line":93,"column":null}},"type":"if","locations":[{"start":{"line":93,"column":4},"end":{"line":93,"column":null}},{"start":{},"end":{}}],"line":93},"12":{"loc":{"start":{"line":106,"column":4},"end":{"line":106,"column":null}},"type":"if","locations":[{"start":{"line":106,"column":4},"end":{"line":106,"column":null}},{"start":{},"end":{}}],"line":106},"13":{"loc":{"start":{"line":114,"column":4},"end":{"line":114,"column":null}},"type":"if","locations":[{"start":{"line":114,"column":4},"end":{"line":114,"column":null}},{"start":{},"end":{}}],"line":114},"14":{"loc":{"start":{"line":114,"column":8},"end":{"line":114,"column":37}},"type":"binary-expr","locations":[{"start":{"line":114,"column":8},"end":{"line":114,"column":18}},{"start":{"line":114,"column":22},"end":{"line":114,"column":37}}],"line":114},"15":{"loc":{"start":{"line":117,"column":6},"end":{"line":117,"column":null}},"type":"if","locations":[{"start":{"line":117,"column":6},"end":{"line":117,"column":null}},{"start":{},"end":{}}],"line":117},"16":{"loc":{"start":{"line":118,"column":6},"end":{"line":128,"column":null}},"type":"if","locations":[{"start":{"line":118,"column":6},"end":{"line":128,"column":null}},{"start":{"line":122,"column":13},"end":{"line":128,"column":null}}],"line":118},"17":{"loc":{"start":{"line":122,"column":13},"end":{"line":128,"column":null}},"type":"if","locations":[{"start":{"line":122,"column":13},"end":{"line":128,"column":null}},{"start":{"line":124,"column":13},"end":{"line":128,"column":null}}],"line":122},"18":{"loc":{"start":{"line":122,"column":17},"end":{"line":122,"column":57}},"type":"binary-expr","locations":[{"start":{"line":122,"column":17},"end":{"line":122,"column":34}},{"start":{"line":122,"column":38},"end":{"line":122,"column":57}}],"line":122},"19":{"loc":{"start":{"line":124,"column":13},"end":{"line":128,"column":null}},"type":"if","locations":[{"start":{"line":124,"column":13},"end":{"line":128,"column":null}},{"start":{},"end":{}}],"line":124},"20":{"loc":{"start":{"line":138,"column":4},"end":{"line":141,"column":null}},"type":"if","locations":[{"start":{"line":138,"column":4},"end":{"line":141,"column":null}},{"start":{},"end":{}}],"line":138},"21":{"loc":{"start":{"line":138,"column":8},"end":{"line":138,"column":46}},"type":"binary-expr","locations":[{"start":{"line":138,"column":8},"end":{"line":138,"column":23}},{"start":{"line":138,"column":27},"end":{"line":138,"column":46}}],"line":138},"22":{"loc":{"start":{"line":143,"column":4},"end":{"line":143,"column":null}},"type":"if","locations":[{"start":{"line":143,"column":4},"end":{"line":143,"column":null}},{"start":{},"end":{}}],"line":143},"23":{"loc":{"start":{"line":156,"column":4},"end":{"line":156,"column":null}},"type":"if","locations":[{"start":{"line":156,"column":4},"end":{"line":156,"column":null}},{"start":{},"end":{}}],"line":156},"24":{"loc":{"start":{"line":170,"column":4},"end":{"line":170,"column":null}},"type":"if","locations":[{"start":{"line":170,"column":4},"end":{"line":170,"column":null}},{"start":{},"end":{}}],"line":170},"25":{"loc":{"start":{"line":171,"column":14},"end":{"line":171,"column":35}},"type":"cond-expr","locations":[{"start":{"line":171,"column":24},"end":{"line":171,"column":26}},{"start":{"line":171,"column":29},"end":{"line":171,"column":35}}],"line":171},"26":{"loc":{"start":{"line":173,"column":4},"end":{"line":173,"column":null}},"type":"if","locations":[{"start":{"line":173,"column":4},"end":{"line":173,"column":null}},{"start":{},"end":{}}],"line":173},"27":{"loc":{"start":{"line":174,"column":4},"end":{"line":174,"column":null}},"type":"if","locations":[{"start":{"line":174,"column":4},"end":{"line":174,"column":null}},{"start":{},"end":{}}],"line":174},"28":{"loc":{"start":{"line":175,"column":4},"end":{"line":175,"column":null}},"type":"if","locations":[{"start":{"line":175,"column":4},"end":{"line":175,"column":null}},{"start":{},"end":{}}],"line":175},"29":{"loc":{"start":{"line":176,"column":4},"end":{"line":176,"column":null}},"type":"if","locations":[{"start":{"line":176,"column":4},"end":{"line":176,"column":null}},{"start":{},"end":{}}],"line":176},"30":{"loc":{"start":{"line":196,"column":4},"end":{"line":196,"column":null}},"type":"if","locations":[{"start":{"line":196,"column":4},"end":{"line":196,"column":null}},{"start":{},"end":{}}],"line":196},"31":{"loc":{"start":{"line":197,"column":4},"end":{"line":197,"column":null}},"type":"if","locations":[{"start":{"line":197,"column":4},"end":{"line":197,"column":null}},{"start":{},"end":{}}],"line":197},"32":{"loc":{"start":{"line":198,"column":4},"end":{"line":198,"column":null}},"type":"if","locations":[{"start":{"line":198,"column":4},"end":{"line":198,"column":null}},{"start":{},"end":{}}],"line":198},"33":{"loc":{"start":{"line":204,"column":4},"end":{"line":204,"column":null}},"type":"if","locations":[{"start":{"line":204,"column":4},"end":{"line":204,"column":null}},{"start":{},"end":{}}],"line":204},"34":{"loc":{"start":{"line":205,"column":4},"end":{"line":205,"column":null}},"type":"if","locations":[{"start":{"line":205,"column":4},"end":{"line":205,"column":null}},{"start":{},"end":{}}],"line":205},"35":{"loc":{"start":{"line":206,"column":4},"end":{"line":206,"column":null}},"type":"if","locations":[{"start":{"line":206,"column":4},"end":{"line":206,"column":null}},{"start":{},"end":{}}],"line":206},"36":{"loc":{"start":{"line":213,"column":4},"end":{"line":216,"column":null}},"type":"if","locations":[{"start":{"line":213,"column":4},"end":{"line":216,"column":null}},{"start":{},"end":{}}],"line":213},"37":{"loc":{"start":{"line":218,"column":4},"end":{"line":229,"column":null}},"type":"if","locations":[{"start":{"line":218,"column":4},"end":{"line":229,"column":null}},{"start":{},"end":{}}],"line":218},"38":{"loc":{"start":{"line":220,"column":6},"end":{"line":228,"column":null}},"type":"if","locations":[{"start":{"line":220,"column":6},"end":{"line":228,"column":null}},{"start":{},"end":{}}],"line":220},"39":{"loc":{"start":{"line":221,"column":8},"end":{"line":227,"column":null}},"type":"if","locations":[{"start":{"line":221,"column":8},"end":{"line":227,"column":null}},{"start":{"line":225,"column":15},"end":{"line":227,"column":null}}],"line":221},"40":{"loc":{"start":{"line":233,"column":4},"end":{"line":233,"column":null}},"type":"if","locations":[{"start":{"line":233,"column":4},"end":{"line":233,"column":null}},{"start":{},"end":{}}],"line":233},"41":{"loc":{"start":{"line":233,"column":8},"end":{"line":233,"column":41}},"type":"binary-expr","locations":[{"start":{"line":233,"column":8},"end":{"line":233,"column":16}},{"start":{"line":233,"column":20},"end":{"line":233,"column":41}}],"line":233},"42":{"loc":{"start":{"line":256,"column":4},"end":{"line":256,"column":null}},"type":"if","locations":[{"start":{"line":256,"column":4},"end":{"line":256,"column":null}},{"start":{},"end":{}}],"line":256},"43":{"loc":{"start":{"line":256,"column":8},"end":{"line":256,"column":40}},"type":"binary-expr","locations":[{"start":{"line":256,"column":8},"end":{"line":256,"column":16}},{"start":{"line":256,"column":20},"end":{"line":256,"column":40}}],"line":256}},"s":{"0":0,"1":0,"2":0,"3":0,"4":13,"5":13,"6":13,"7":13,"8":13,"9":13,"10":13,"11":13,"12":13,"13":13,"14":13,"15":13,"16":13,"17":13,"18":13,"19":1,"20":0,"21":0,"22":0,"23":2,"24":1,"25":13,"26":13,"27":13,"28":13,"29":0,"30":13,"31":0,"32":0,"33":0,"34":1,"35":11,"36":0,"37":11,"38":11,"39":11,"40":11,"41":11,"42":0,"43":11,"44":0,"45":11,"46":0,"47":11,"48":0,"49":11,"50":11,"51":11,"52":11,"53":11,"54":0,"55":11,"56":11,"57":4,"58":1,"59":3,"60":1,"61":1,"62":1,"63":2,"64":1,"65":1,"66":1,"67":1,"68":1,"69":4,"70":1,"71":1,"72":3,"73":3,"74":0,"75":3,"76":3,"77":3,"78":3,"79":3,"80":3,"81":1,"82":0,"83":1,"84":1,"85":1,"86":1,"87":1,"88":1,"89":18,"90":0,"91":18,"92":18,"93":18,"94":18,"95":18,"96":18,"97":18,"98":18,"99":18,"100":18,"101":4,"102":4,"103":4,"104":4,"105":4,"106":4,"107":4,"108":2,"109":3,"110":3,"111":3,"112":3,"113":3,"114":3,"115":3,"116":3,"117":3,"118":2,"119":2,"120":3,"121":2,"122":2,"123":2,"124":1,"125":1,"126":1,"127":1,"128":3,"129":3,"130":3,"131":3,"132":1,"133":1,"134":1,"135":1,"136":1},"f":{"0":13,"1":0,"2":0,"3":0,"4":0,"5":1,"6":0,"7":0,"8":0,"9":2,"10":1,"11":0,"12":0,"13":1,"14":11,"15":0,"16":0,"17":0,"18":0,"19":11,"20":4,"21":4,"22":1,"23":18,"24":0,"25":0,"26":4,"27":3,"28":3,"29":1,"30":0,"31":1,"32":1},"b":{"0":[13],"1":[0],"2":[0],"3":[0],"4":[0],"5":[13],"6":[0,0],"7":[13,0],"8":[13,0],"9":[0,0],"10":[0,0],"11":[0,11],"12":[11,0],"13":[0,11],"14":[11,11],"15":[1,3],"16":[1,2],"17":[1,1],"18":[2,2],"19":[1,0],"20":[1,3],"21":[4,1],"22":[0,3],"23":[0,1],"24":[0,18],"25":[4,14],"26":[18,0],"27":[18,0],"28":[18,0],"29":[18,0],"30":[4,0],"31":[4,0],"32":[2,2],"33":[3,0],"34":[3,0],"35":[3,0],"36":[2,1],"37":[2,1],"38":[2,0],"39":[1,1],"40":[3,0],"41":[3,3],"42":[1,0],"43":[1,1]},"meta":{"lastBranch":44,"lastFunction":33,"lastStatement":137,"seen":{"f:29:2:29:13":0,"b:37:6:37:8":0,"b:32:22:32:43":1,"f:32:22:32:23":1,"s:32:28:32:43":0,"b:33:23:33:45":2,"f:33:23:33:24":2,"s:33:29:33:45":1,"b:34:25:34:55":3,"f:34:25:34:26":3,"s:34:34:34:55":2,"b:35:24:35:96":4,"f:35:24:35:25":4,"s:35:36:35:96":3,"b:36:10:36:60":5,"b:36:42:36:48:36:51:36:60":6,"s:38:4:38:Infinity":4,"s:39:4:39:Infinity":5,"b:39:25:39:38:39:42:39:93":7,"s:40:4:40:Infinity":6,"s:41:4:41:Infinity":7,"s:42:4:42:Infinity":8,"s:43:4:43:Infinity":9,"s:44:4:44:Infinity":10,"s:46:4:46:Infinity":11,"s:47:4:47:Infinity":12,"s:48:4:48:Infinity":13,"s:49:4:49:Infinity":14,"s:52:4:52:Infinity":15,"s:53:4:53:Infinity":16,"s:54:4:54:Infinity":17,"s:58:4:67:Infinity":18,"f:61:18:61:19":5,"s:61:24:61:37":19,"f:62:18:62:19":6,"s:62:27:62:45":20,"f:63:20:63:21":7,"s:63:29:63:49":21,"f:64:20:64:21":8,"s:64:26:64:41":22,"f:65:18:65:19":9,"s:65:26:65:61":23,"f:66:17:66:18":10,"s:66:23:66:38":24,"s:70:4:70:Infinity":25,"s:71:4:71:Infinity":26,"b:72:4:78:Infinity:undefined:undefined:undefined:undefined":8,"s:72:4:78:Infinity":27,"s:73:6:73:Infinity":28,"f:73:42:73:43":11,"s:73:61:73:118":29,"b:73:61:73:80:73:84:73:118":9,"s:74:6:77:Infinity":30,"f:74:42:74:43":12,"s:75:8:75:Infinity":31,"b:76:8:76:Infinity:undefined:undefined:undefined:undefined":10,"s:76:8:76:Infinity":32,"s:76:33:76:Infinity":33,"f:85:2:85:23":13,"s:86:4:86:Infinity":34,"f:92:2:92:9":14,"b:93:4:93:Infinity:undefined:undefined:undefined:undefined":11,"s:93:4:93:Infinity":35,"s:93:18:93:Infinity":36,"s:94:22:94:45":37,"s:95:23:95:47":38,"s:96:25:96:62":39,"s:97:24:97:86":40,"s:99:4:99:Infinity":41,"f:99:26:99:27":15,"s:99:35:99:52":42,"s:100:4:100:Infinity":43,"f:100:27:100:28":16,"s:100:36:100:53":44,"s:101:4:101:Infinity":45,"f:101:29:101:30":17,"s:101:35:101:51":46,"s:102:4:102:Infinity":47,"f:102:24:102:25":18,"s:102:30:102:46":48,"s:104:4:104:Infinity":49,"s:105:4:105:Infinity":50,"b:106:4:106:Infinity:undefined:undefined:undefined:undefined":12,"s:106:4:106:Infinity":51,"s:106:23:106:Infinity":52,"f:113:2:113:11":19,"b:114:4:114:Infinity:undefined:undefined:undefined:undefined":13,"s:114:4:114:Infinity":53,"b:114:8:114:18:114:22:114:37":14,"s:114:39:114:Infinity":54,"s:115:4:115:Infinity":55,"s:116:4:129:Infinity":56,"f:116:42:116:43":20,"b:117:6:117:Infinity:undefined:undefined:undefined:undefined":15,"s:117:6:117:Infinity":57,"s:117:25:117:Infinity":58,"b:118:6:128:Infinity:122:13:128:Infinity":16,"s:118:6:128:Infinity":59,"s:119:8:119:Infinity":60,"s:120:8:120:Infinity":61,"s:121:8:121:Infinity":62,"b:122:13:128:Infinity:124:13:128:Infinity":17,"s:122:13:128:Infinity":63,"b:122:17:122:34:122:38:122:57":18,"s:123:8:123:Infinity":64,"b:124:13:128:Infinity:undefined:undefined:undefined:undefined":19,"s:124:13:128:Infinity":65,"s:125:8:125:Infinity":66,"s:126:8:126:Infinity":67,"s:127:8:127:Infinity":68,"f:137:2:137:9":21,"b:138:4:141:Infinity:undefined:undefined:undefined:undefined":20,"s:138:4:141:Infinity":69,"b:138:8:138:23:138:27:138:46":21,"s:139:6:139:Infinity":70,"s:140:6:140:Infinity":71,"s:142:19:142:50":72,"b:143:4:143:Infinity:undefined:undefined:undefined:undefined":22,"s:143:4:143:Infinity":73,"s:143:17:143:Infinity":74,"s:144:4:144:Infinity":75,"s:145:4:145:Infinity":76,"s:146:4:146:Infinity":77,"s:147:4:147:Infinity":78,"s:148:4:148:Infinity":79,"s:149:4:149:Infinity":80,"f:155:2:155:11":22,"b:156:4:156:Infinity:undefined:undefined:undefined:undefined":23,"s:156:4:156:Infinity":81,"s:156:19:156:Infinity":82,"s:157:4:157:Infinity":83,"s:158:4:158:Infinity":84,"s:159:4:159:Infinity":85,"s:160:4:160:Infinity":86,"s:161:4:161:Infinity":87,"s:162:4:162:Infinity":88,"f:169:2:169:15":23,"b:170:4:170:Infinity:undefined:undefined:undefined:undefined":24,"s:170:4:170:Infinity":89,"s:170:19:170:Infinity":90,"s:171:14:171:35":91,"b:171:24:171:26:171:29:171:35":25,"s:172:52:172:60":92,"b:173:4:173:Infinity:undefined:undefined:undefined:undefined":26,"s:173:4:173:Infinity":93,"s:173:22:173:Infinity":94,"b:174:4:174:Infinity:undefined:undefined:undefined:undefined":27,"s:174:4:174:Infinity":95,"s:174:23:174:Infinity":96,"b:175:4:175:Infinity:undefined:undefined:undefined:undefined":28,"s:175:4:175:Infinity":97,"s:175:31:175:Infinity":98,"b:176:4:176:Infinity:undefined:undefined:undefined:undefined":29,"s:176:4:176:Infinity":99,"s:176:25:176:Infinity":100,"f:186:2:186:7":24,"f:188:2:188:9":25,"f:193:2:193:9":26,"s:194:4:194:Infinity":101,"s:195:4:195:Infinity":102,"b:196:4:196:Infinity:undefined:undefined:undefined:undefined":30,"s:196:4:196:Infinity":103,"s:196:18:196:Infinity":104,"b:197:4:197:Infinity:undefined:undefined:undefined:undefined":31,"s:197:4:197:Infinity":105,"s:197:36:197:Infinity":106,"b:198:4:198:Infinity:undefined:undefined:undefined:undefined":32,"s:198:4:198:Infinity":107,"s:198:31:198:Infinity":108,"f:201:2:201:8":27,"s:202:4:202:Infinity":109,"s:203:4:203:Infinity":110,"b:204:4:204:Infinity:undefined:undefined:undefined:undefined":33,"s:204:4:204:Infinity":111,"s:204:18:204:Infinity":112,"b:205:4:205:Infinity:undefined:undefined:undefined:undefined":34,"s:205:4:205:Infinity":113,"s:205:36:205:Infinity":114,"b:206:4:206:Infinity:undefined:undefined:undefined:undefined":35,"s:206:4:206:Infinity":115,"s:206:44:206:Infinity":116,"f:212:2:212:8":28,"b:213:4:216:Infinity:undefined:undefined:undefined:undefined":36,"s:213:4:216:Infinity":117,"s:214:6:214:Infinity":118,"s:215:6:215:Infinity":119,"b:218:4:229:Infinity:undefined:undefined:undefined:undefined":37,"s:218:4:229:Infinity":120,"s:219:21:219:65":121,"b:220:6:228:Infinity:undefined:undefined:undefined:undefined":38,"s:220:6:228:Infinity":122,"b:221:8:227:Infinity:225:15:227:Infinity":39,"s:221:8:227:Infinity":123,"s:222:27:222:46":124,"s:223:10:223:Infinity":125,"s:224:10:224:Infinity":126,"s:226:10:226:Infinity":127,"s:231:4:231:Infinity":128,"s:232:4:232:Infinity":129,"b:233:4:233:Infinity:undefined:undefined:undefined:undefined":40,"s:233:4:233:Infinity":130,"b:233:8:233:16:233:20:233:41":41,"s:233:43:233:Infinity":131,"f:239:2:239:14":29,"s:240:4:240:Infinity":132,"f:243:2:243:10":30,"f:251:2:251:15":31,"s:252:4:252:Infinity":133,"f:255:2:255:9":32,"b:256:4:256:Infinity:undefined:undefined:undefined:undefined":42,"s:256:4:256:Infinity":134,"b:256:8:256:16:256:20:256:40":43,"s:256:42:256:Infinity":135,"s:257:4:257:Infinity":136},"fnNames":{}}}
}
